🎯 Target date: 2026-01-13
🎯 Sports: NFL, NBA, CBBM, CBBW
📁 Output directory: /Users/Brett/kdata/kalshi_bets/base/data_collection/kalshi_data/kalshi_logs
⏱️  Runtime: 120.0 seconds
🔍 Discovering markets for 2026-01-13...
📊 Fetching markets for series: KXNBAGAME, KXNBASPREAD, KXNBATOTAL, KXNCAAMBGAME, KXNCAAMBSPREAD, KXNCAAMBTOTAL, KXNCAAWBGAME, KXNFLGAME, KXNFLSPREAD, KXNFLTOTAL
  📡 Fetching KXNCAAMBGAME...
    📊 Got 2000 total markets from API
    ✅ Found 70 markets for 2026-01-13
  📡 Fetching KXNCAAMBSPREAD...
    📊 Got 2000 total markets from API
    ✅ Found 295 markets for 2026-01-13
  📡 Fetching KXNBASPREAD...
    📊 Got 2000 total markets from API
    ✅ Found 74 markets for 2026-01-13
  📡 Fetching KXNFLGAME...
    📊 Got 662 total markets from API
    ✅ Found 0 markets for 2026-01-13
  📡 Fetching KXNBAGAME...
    📊 Got 1482 total markets from API
    ✅ Found 14 markets for 2026-01-13
  📡 Fetching KXNCAAWBGAME...
    📊 Got 2000 total markets from API
    ✅ Found 20 markets for 2026-01-13
  📡 Fetching KXNCAAMBTOTAL...
    📊 Got 2000 total markets from API
    ✅ Found 280 markets for 2026-01-13
  📡 Fetching KXNBATOTAL...
    📊 Got 2000 total markets from API
    ✅ Found 77 markets for 2026-01-13
  📡 Fetching KXNFLTOTAL...
    📊 Got 2000 total markets from API
    ✅ Found 0 markets for 2026-01-13
  📡 Fetching KXNFLSPREAD...
    📊 Got 2000 total markets from API
    ✅ Found 0 markets for 2026-01-13
✅ Discovered 830 unique markets
💾 Wrote initial snapshot of 830 markets
✅ Connected to Kalshi WebSocket
📡 Subscribed to 830 markets via WebSocket
🎯 Target date: 2026-01-13
🎯 Sports: NFL, NBA, CBBM, CBBW
📁 Output directory: /Users/Brett/kdata/kalshi_bets/base/data_collection/kalshi_data/kalshi_logs
⏱️  Runtime: Indefinite (Ctrl+C to stop)
🔍 Discovering markets for 2026-01-13...
📊 Fetching markets for series: KXNBAGAME, KXNBASPREAD, KXNBATOTAL, KXNCAAMBGAME, KXNCAAMBSPREAD, KXNCAAMBTOTAL, KXNCAAWBGAME, KXNFLGAME, KXNFLSPREAD, KXNFLTOTAL
  📡 Fetching KXNBATOTAL...
    📊 Got 2000 total markets from API
    ✅ Found 77 markets for 2026-01-13
  📡 Fetching KXNCAAMBSPREAD...
    📊 Got 2000 total markets from API
    ✅ Found 295 markets for 2026-01-13
  📡 Fetching KXNBAGAME...
    📊 Got 1482 total markets from API
    ✅ Found 14 markets for 2026-01-13
  📡 Fetching KXNCAAWBGAME...
    📊 Got 2000 total markets from API
    ✅ Found 20 markets for 2026-01-13
  📡 Fetching KXNCAAMBGAME...
    📊 Got 2000 total markets from API
    ✅ Found 70 markets for 2026-01-13
  📡 Fetching KXNFLTOTAL...
    📊 Got 2000 total markets from API
    ✅ Found 0 markets for 2026-01-13
  📡 Fetching KXNCAAMBTOTAL...
    📊 Got 2000 total markets from API
    ✅ Found 280 markets for 2026-01-13
  📡 Fetching KXNFLGAME...
    📊 Got 662 total markets from API
    ✅ Found 0 markets for 2026-01-13
  📡 Fetching KXNFLSPREAD...
    📊 Got 2000 total markets from API
    ✅ Found 0 markets for 2026-01-13
  📡 Fetching KXNBASPREAD...
    📊 Got 2000 total markets from API
    ✅ Found 74 markets for 2026-01-13
✅ Discovered 830 unique markets
💾 Wrote initial snapshot of 830 markets
✅ Connected to Kalshi WebSocket
📡 Subscribed to 830 markets via WebSocket
⚠️ Kalshi fetch timeout for KXNCAAMBSPREAD-26JAN13MARQSJU
⚠️ WebSocket connection closed, reconnecting...
✅ Connected to Kalshi WebSocket
📡 Subscribed to 830 markets via WebSocket
⚠️ Kalshi fetch timeout for KXNCAAMBSPREAD-26JAN13SMCSF
⚠️ WebSocket connection closed, reconnecting...
✅ Connected to Kalshi WebSocket
📡 Subscribed to 830 markets via WebSocket
⚠️ Kalshi fetch timeout for KXNCAAMBTOTAL-26JAN13GTWNCREI
⚠️ WebSocket connection closed, reconnecting...
✅ Connected to Kalshi WebSocket
📡 Subscribed to 830 markets via WebSocket
⚠️ WebSocket connection closed, reconnecting...
❌ WebSocket error: [Errno 8] nodename nor servname provided, or not known
❌ WebSocket error: [Errno 8] nodename nor servname provided, or not known
❌ WebSocket error: [Errno 8] nodename nor servname provided, or not known
❌ WebSocket error: [Errno 8] nodename nor servname provided, or not known
✅ Connected to Kalshi WebSocket
📡 Subscribed to 830 markets via WebSocket
⚠️ Kalshi fetch timeout for KXNCAAMBSPREAD-26JAN13MARQSJU
❌ Kalshi fetch error for KXNCAAMBGAME-26JAN13AFASJSU: HTTPSConnectionPool(host='api.elections.kalshi.com', port=443): Max retries exceeded with url: /trade-api/v2/markets?event_ticker=KXNCAAMBGAME-26JAN13AFASJSU (Caused by NameResolutionError("<urllib3.connection.HTTPSConnection object at 0x107ef2e90>: Failed to resolve 'api.elections.kalshi.com' ([Errno 8] nodename nor servname provided, or not known)"))
❌ Kalshi fetch error for KXNCAAMBGAME-26JAN13BSUUNLV: HTTPSConnectionPool(host='api.elections.kalshi.com', port=443): Max retries exceeded with url: /trade-api/v2/markets?event_ticker=KXNCAAMBGAME-26JAN13BSUUNLV (Caused by NameResolutionError("<urllib3.connection.HTTPSConnection object at 0x107ef3390>: Failed to resolve 'api.elections.kalshi.com' ([Errno 8] nodename nor servname provided, or not known)"))
❌ Kalshi fetch error for KXNCAAMBTOTAL-26JAN13WVUHOU: HTTPSConnectionPool(host='api.elections.kalshi.com', port=443): Max retries exceeded with url: /trade-api/v2/markets?event_ticker=KXNCAAMBTOTAL-26JAN13WVUHOU (Caused by NameResolutionError("<urllib3.connection.HTTPSConnection object at 0x107ef3890>: Failed to resolve 'api.elections.kalshi.com' ([Errno 8] nodename nor servname provided, or not known)"))
❌ Kalshi fetch error for KXNCAAMBGAME-26JAN13UICUNI: HTTPSConnectionPool(host='api.elections.kalshi.com', port=443): Max retries exceeded with url: /trade-api/v2/markets?event_ticker=KXNCAAMBGAME-26JAN13UICUNI (Caused by NameResolutionError("<urllib3.connection.HTTPSConnection object at 0x107ef3d90>: Failed to resolve 'api.elections.kalshi.com' ([Errno 8] nodename nor servname provided, or not known)"))
❌ Kalshi fetch error for KXNCAAMBTOTAL-26JAN13GCUNM: HTTPSConnectionPool(host='api.elections.kalshi.com', port=443): Max retries exceeded with url: /trade-api/v2/markets?event_ticker=KXNCAAMBTOTAL-26JAN13GCUNM (Caused by NameResolutionError("<urllib3.connection.HTTPSConnection object at 0x107aa02d0>: Failed to resolve 'api.elections.kalshi.com' ([Errno 8] nodename nor servname provided, or not known)"))
⚠️ Kalshi fetch timeout for KXNCAAMBSPREAD-26JAN13GCUNM
❌ Kalshi fetch error for KXNBAGAME-26JAN13DENNOP: HTTPSConnectionPool(host='api.elections.kalshi.com', port=443): Max retries exceeded with url: /trade-api/v2/markets?event_ticker=KXNBAGAME-26JAN13DENNOP (Caused by NameResolutionError("<urllib3.connection.HTTPSConnection object at 0x107aa0b90>: Failed to resolve 'api.elections.kalshi.com' ([Errno 8] nodename nor servname provided, or not known)"))
❌ Kalshi fetch error for KXNCAAMBSPREAD-26JAN13CONNHALL: HTTPSConnectionPool(host='api.elections.kalshi.com', port=443): Max retries exceeded with url: /trade-api/v2/markets?event_ticker=KXNCAAMBSPREAD-26JAN13CONNHALL (Caused by NameResolutionError("<urllib3.connection.HTTPSConnection object at 0x107aa1090>: Failed to resolve 'api.elections.kalshi.com' ([Errno 8] nodename nor servname provided, or not known)"))
❌ Kalshi fetch error for KXNCAAWBGAME-26JAN13SJUGTWN: HTTPSConnectionPool(host='api.elections.kalshi.com', port=443): Max retries exceeded with url: /trade-api/v2/markets?event_ticker=KXNCAAWBGAME-26JAN13SJUGTWN (Caused by NameResolutionError("<urllib3.connection.HTTPSConnection object at 0x107aa1590>: Failed to resolve 'api.elections.kalshi.com' ([Errno 8] nodename nor servname provided, or not known)"))
❌ Kalshi fetch error for KXNBASPREAD-26JAN13ATLLAL: HTTPSConnectionPool(host='api.elections.kalshi.com', port=443): Max retries exceeded with url: /trade-api/v2/markets?event_ticker=KXNBASPREAD-26JAN13ATLLAL (Caused by NameResolutionError("<urllib3.connection.HTTPSConnection object at 0x107ef3d90>: Failed to resolve 'api.elections.kalshi.com' ([Errno 8] nodename nor servname provided, or not known)"))
❌ Kalshi fetch error for KXNCAAMBSPREAD-26JAN13GTWNCREI: HTTPSConnectionPool(host='api.elections.kalshi.com', port=443): Max retries exceeded with url: /trade-api/v2/markets?event_ticker=KXNCAAMBSPREAD-26JAN13GTWNCREI (Caused by NameResolutionError("<urllib3.connection.HTTPSConnection object at 0x107ef3890>: Failed to resolve 'api.elections.kalshi.com' ([Errno 8] nodename nor servname provided, or not known)"))
❌ Kalshi fetch error for KXNCAAMBGAME-26JAN13ISUKU: HTTPSConnectionPool(host='api.elections.kalshi.com', port=443): Max retries exceeded with url: /trade-api/v2/markets?event_ticker=KXNCAAMBGAME-26JAN13ISUKU (Caused by NameResolutionError("<urllib3.connection.HTTPSConnection object at 0x107ef3390>: Failed to resolve 'api.elections.kalshi.com' ([Errno 8] nodename nor servname provided, or not known)"))
⚠️ Kalshi fetch timeout for KXNCAAMBSPREAD-26JAN13FLAOKLA
❌ Kalshi fetch error for KXNCAAWBGAME-26JAN13TULNTEM: HTTPSConnectionPool(host='api.elections.kalshi.com', port=443): Max retries exceeded with url: /trade-api/v2/markets?event_ticker=KXNCAAWBGAME-26JAN13TULNTEM (Caused by NewConnectionError('<urllib3.connection.HTTPSConnection object at 0x107ef2d50>: Failed to establish a new connection: [Errno 51] Network is unreachable'))
❌ Kalshi fetch error for KXNCAAMBSPREAD-26JAN13FSUSYR: HTTPSConnectionPool(host='api.elections.kalshi.com', port=443): Max retries exceeded with url: /trade-api/v2/markets?event_ticker=KXNCAAMBSPREAD-26JAN13FSUSYR (Caused by NameResolutionError("<urllib3.connection.HTTPSConnection object at 0x107ef25d0>: Failed to resolve 'api.elections.kalshi.com' ([Errno 8] nodename nor servname provided, or not known)"))
❌ Kalshi fetch error for KXNCAAMBTOTAL-26JAN13ISUKU: HTTPSConnectionPool(host='api.elections.kalshi.com', port=443): Max retries exceeded with url: /trade-api/v2/markets?event_ticker=KXNCAAMBTOTAL-26JAN13ISUKU (Caused by NameResolutionError("<urllib3.connection.HTTPSConnection object at 0x107ef1e50>: Failed to resolve 'api.elections.kalshi.com' ([Errno 8] nodename nor servname provided, or not known)"))
❌ Kalshi fetch error for KXNCAAMBGAME-26JAN13BCCLEM: HTTPSConnectionPool(host='api.elections.kalshi.com', port=443): Max retries exceeded with url: /trade-api/v2/markets?event_ticker=KXNCAAMBGAME-26JAN13BCCLEM (Caused by NameResolutionError("<urllib3.connection.HTTPSConnection object at 0x107ef2490>: Failed to resolve 'api.elections.kalshi.com' ([Errno 8] nodename nor servname provided, or not known)"))
❌ Kalshi fetch error for KXNCAAMBSPREAD-26JAN13CMUMOH: HTTPSConnectionPool(host='api.elections.kalshi.com', port=443): Max retries exceeded with url: /trade-api/v2/markets?event_ticker=KXNCAAMBSPREAD-26JAN13CMUMOH (Caused by NameResolutionError("<urllib3.connection.HTTPSConnection object at 0x107ef1810>: Failed to resolve 'api.elections.kalshi.com' ([Errno 8] nodename nor servname provided, or not known)"))
❌ Kalshi fetch error for KXNCAAMBGAME-26JAN13VILLPROV: HTTPSConnectionPool(host='api.elections.kalshi.com', port=443): Max retries exceeded with url: /trade-api/v2/markets?event_ticker=KXNCAAMBGAME-26JAN13VILLPROV (Caused by NameResolutionError("<urllib3.connection.HTTPSConnection object at 0x107ef11d0>: Failed to resolve 'api.elections.kalshi.com' ([Errno 8] nodename nor servname provided, or not known)"))
❌ Kalshi fetch error for KXNCAAMBSPREAD-26JAN13BAYOKST: HTTPSConnectionPool(host='api.elections.kalshi.com', port=443): Max retries exceeded with url: /trade-api/v2/markets?event_ticker=KXNCAAMBSPREAD-26JAN13BAYOKST (Caused by NameResolutionError("<urllib3.connection.HTTPSConnection object at 0x107ef0a50>: Failed to resolve 'api.elections.kalshi.com' ([Errno 8] nodename nor servname provided, or not known)"))
❌ Kalshi fetch error for KXNCAAMBTOTAL-26JAN13UVALOU: HTTPSConnectionPool(host='api.elections.kalshi.com', port=443): Max retries exceeded with url: /trade-api/v2/markets?event_ticker=KXNCAAMBTOTAL-26JAN13UVALOU (Caused by NameResolutionError("<urllib3.connection.HTTPSConnection object at 0x107ef1090>: Failed to resolve 'api.elections.kalshi.com' ([Errno 8] nodename nor servname provided, or not known)"))
⚠️ Kalshi fetch timeout for KXNCAAMBGAME-26JAN13BALLAKR
❌ Kalshi fetch error for KXNCAAMBTOTAL-26JAN13MDUSC: HTTPSConnectionPool(host='api.elections.kalshi.com', port=443): Max retries exceeded with url: /trade-api/v2/markets?event_ticker=KXNCAAMBTOTAL-26JAN13MDUSC (Caused by NameResolutionError("<urllib3.connection.HTTPSConnection object at 0x107ef02d0>: Failed to resolve 'api.elections.kalshi.com' ([Errno 8] nodename nor servname provided, or not known)"))
❌ Kalshi fetch error for KXNCAAMBTOTAL-26JAN13CMUMOH: HTTPSConnectionPool(host='api.elections.kalshi.com', port=443): Max retries exceeded with url: /trade-api/v2/markets?event_ticker=KXNCAAMBTOTAL-26JAN13CMUMOH (Caused by NameResolutionError("<urllib3.connection.HTTPSConnection object at 0x107a74190>: Failed to resolve 'api.elections.kalshi.com' ([Errno 8] nodename nor servname provided, or not known)"))
❌ Kalshi fetch error for KXNCAAMBGAME-26JAN13WISMINN: HTTPSConnectionPool(host='api.elections.kalshi.com', port=443): Max retries exceeded with url: /trade-api/v2/markets?event_ticker=KXNCAAMBGAME-26JAN13WISMINN (Caused by NameResolutionError("<urllib3.connection.HTTPSConnection object at 0x107a74690>: Failed to resolve 'api.elections.kalshi.com' ([Errno 8] nodename nor servname provided, or not known)"))
❌ Kalshi fetch error for KXNCAAMBTOTAL-26JAN13MIAND: HTTPSConnectionPool(host='api.elections.kalshi.com', port=443): Max retries exceeded with url: /trade-api/v2/markets?event_ticker=KXNCAAMBTOTAL-26JAN13MIAND (Caused by NameResolutionError("<urllib3.connection.HTTPSConnection object at 0x107a74b90>: Failed to resolve 'api.elections.kalshi.com' ([Errno 8] nodename nor servname provided, or not known)"))
❌ Kalshi fetch error for KXNCAAMBGAME-26JAN13GCUNM: HTTPSConnectionPool(host='api.elections.kalshi.com', port=443): Max retries exceeded with url: /trade-api/v2/markets?event_ticker=KXNCAAMBGAME-26JAN13GCUNM (Caused by NameResolutionError("<urllib3.connection.HTTPSConnection object at 0x107a75090>: Failed to resolve 'api.elections.kalshi.com' ([Errno 8] nodename nor servname provided, or not known)"))
❌ Kalshi fetch error for KXNBAGAME-26JAN13SASOKC: HTTPSConnectionPool(host='api.elections.kalshi.com', port=443): Max retries exceeded with url: /trade-api/v2/markets?event_ticker=KXNBAGAME-26JAN13SASOKC (Caused by NameResolutionError("<urllib3.connection.HTTPSConnection object at 0x107a75590>: Failed to resolve 'api.elections.kalshi.com' ([Errno 8] nodename nor servname provided, or not known)"))
⚠️ WebSocket connection closed, reconnecting...
❌ WebSocket error: [Errno 8] nodename nor servname provided, or not known
❌ WebSocket error: [Errno 8] nodename nor servname provided, or not known
❌ WebSocket error: [Errno 8] nodename nor servname provided, or not known
❌ WebSocket error: [Errno 8] nodename nor servname provided, or not known
❌ WebSocket error: [Errno 8] nodename nor servname provided, or not known
❌ WebSocket error: [Errno 8] nodename nor servname provided, or not known
❌ WebSocket error: [Errno 8] nodename nor servname provided, or not known
✅ Connected to Kalshi WebSocket
📡 Subscribed to 830 markets via WebSocket
⚠️ WebSocket connection closed, reconnecting...
❌ WebSocket error: [Errno 8] nodename nor servname provided, or not known
❌ WebSocket error: [Errno 8] nodename nor servname provided, or not known
❌ WebSocket error: [Errno 8] nodename nor servname provided, or not known
❌ WebSocket error: [Errno 8] nodename nor servname provided, or not known
❌ WebSocket error: [Errno 8] nodename nor servname provided, or not known
❌ WebSocket error: [Errno 8] nodename nor servname provided, or not known
❌ WebSocket error: [Errno 8] nodename nor servname provided, or not known
✅ Connected to Kalshi WebSocket
📡 Subscribed to 830 markets via WebSocket
⚠️ Kalshi fetch timeout for KXNCAAMBSPREAD-26JAN13MARQSJU
⚠️ WebSocket connection closed, reconnecting...
✅ Connected to Kalshi WebSocket
📡 Subscribed to 830 markets via WebSocket
⚠️ WebSocket connection closed, reconnecting...
✅ Connected to Kalshi WebSocket
📡 Subscribed to 830 markets via WebSocket
❌ Kalshi fetch error for KXNCAAMBSPREAD-26JAN13MARQSJU: ('Connection aborted.', ConnectionResetError(54, 'Connection reset by peer'))
⚠️ WebSocket connection closed, reconnecting...
✅ Connected to Kalshi WebSocket
📡 Subscribed to 830 markets via WebSocket
⚠️ WebSocket connection closed, reconnecting...
❌ WebSocket error: [Errno 8] nodename nor servname provided, or not known
✅ Connected to Kalshi WebSocket
📡 Subscribed to 830 markets via WebSocket
⚠️ WebSocket connection closed, reconnecting...
❌ WebSocket error: [Errno 8] nodename nor servname provided, or not known
❌ WebSocket error: [Errno 8] nodename nor servname provided, or not known
❌ WebSocket error: [Errno 8] nodename nor servname provided, or not known
❌ WebSocket error: [Errno 8] nodename nor servname provided, or not known
❌ WebSocket error: [Errno 8] nodename nor servname provided, or not known
❌ WebSocket error: [Errno 8] nodename nor servname provided, or not known
❌ WebSocket error: [Errno 8] nodename nor servname provided, or not known
❌ WebSocket error: [Errno 8] nodename nor servname provided, or not known
❌ WebSocket error: [Errno 8] nodename nor servname provided, or not known
❌ WebSocket error: [Errno 8] nodename nor servname provided, or not known
❌ WebSocket error: [Errno 8] nodename nor servname provided, or not known
❌ WebSocket error: [Errno 8] nodename nor servname provided, or not known
❌ WebSocket error: [Errno 8] nodename nor servname provided, or not known
❌ WebSocket error: [Errno 8] nodename nor servname provided, or not known
❌ WebSocket error: [Errno 8] nodename nor servname provided, or not known
❌ WebSocket error: [Errno 8] nodename nor servname provided, or not known
❌ WebSocket error: [Errno 8] nodename nor servname provided, or not known
❌ WebSocket error: [Errno 8] nodename nor servname provided, or not known
❌ WebSocket error: [Errno 8] nodename nor servname provided, or not known
🎯 Target date: 2026-01-15
🎯 Sports: NFL, NBA, CBBM, CBBW
📁 Output directory: /Users/Brett/kdata/kalshi_bets/base/data_collection/kalshi_data/kalshi_logs
⏱️  Runtime: Indefinite (Ctrl+C to stop)
🔍 Discovering markets for 2026-01-15...
📊 Fetching markets for series: KXNBAGAME, KXNBASPREAD, KXNBATOTAL, KXNCAAMBGAME, KXNCAAMBSPREAD, KXNCAAMBTOTAL, KXNCAAWBGAME, KXNFLGAME, KXNFLSPREAD, KXNFLTOTAL
  📡 Fetching KXNCAAMBTOTAL...
    📊 Got 2000 total markets from API
    ✅ Found 165 markets for 2026-01-15
  📡 Fetching KXNFLTOTAL...
    📊 Got 2000 total markets from API
    ✅ Found 0 markets for 2026-01-15
  📡 Fetching KXNFLSPREAD...
    📊 Got 2000 total markets from API
    ✅ Found 0 markets for 2026-01-15
  📡 Fetching KXNFLGAME...
    📊 Got 662 total markets from API
    ✅ Found 0 markets for 2026-01-15
  📡 Fetching KXNCAAMBGAME...
    📊 Got 2000 total markets from API
    ✅ Found 98 markets for 2026-01-15
  📡 Fetching KXNCAAMBSPREAD...
    📊 Got 2000 total markets from API
    ✅ Found 158 markets for 2026-01-15
  📡 Fetching KXNBASPREAD...
❌ Exception fetching KXNBASPREAD: HTTPSConnectionPool(host='api.elections.kalshi.com', port=443): Read timed out.
    📊 Got 1600 total markets from API
    ✅ Found 97 markets for 2026-01-15
  📡 Fetching KXNBAGAME...
    📊 Got 1512 total markets from API
    ✅ Found 18 markets for 2026-01-15
  📡 Fetching KXNBATOTAL...
    📊 Got 2000 total markets from API
    ✅ Found 99 markets for 2026-01-15
  📡 Fetching KXNCAAWBGAME...
    📊 Got 2000 total markets from API
    ✅ Found 162 markets for 2026-01-15
✅ Discovered 797 unique markets
💾 Wrote initial snapshot of 797 markets
✅ Connected to Kalshi WebSocket
📡 Subscribed to 797 markets via WebSocket
⚠️ WebSocket connection closed, reconnecting...
✅ Connected to Kalshi WebSocket
📡 Subscribed to 797 markets via WebSocket
⚠️ WebSocket connection closed, reconnecting...
✅ Connected to Kalshi WebSocket
📡 Subscribed to 797 markets via WebSocket
⚠️ WebSocket connection closed, reconnecting...
✅ Connected to Kalshi WebSocket
📡 Subscribed to 797 markets via WebSocket
⚠️ WebSocket connection closed, reconnecting...
✅ Connected to Kalshi WebSocket
📡 Subscribed to 797 markets via WebSocket
⚠️ WebSocket connection closed, reconnecting...
✅ Connected to Kalshi WebSocket
📡 Subscribed to 797 markets via WebSocket
⚠️ WebSocket connection closed, reconnecting...
✅ Connected to Kalshi WebSocket
📡 Subscribed to 797 markets via WebSocket
⚠️ Kalshi fetch timeout for KXNCAAWBGAME-26JAN15PRSTUNCO
⚠️ Kalshi fetch timeout for KXNCAAMBGAME-26JAN15BELLLIP
⚠️ Kalshi fetch timeout for KXNCAAWBGAME-26JAN15SUUTARL
❌ Kalshi fetch error for KXNCAAWBGAME-26JAN15ILLMICH: ('Connection aborted.', ConnectionResetError(54, 'Connection reset by peer'))
⚠️ WebSocket connection closed, reconnecting...
✅ Connected to Kalshi WebSocket
📡 Subscribed to 797 markets via WebSocket
⚠️ WebSocket connection closed, reconnecting...
✅ Connected to Kalshi WebSocket
📡 Subscribed to 797 markets via WebSocket
❌ Kalshi fetch error for KXNCAAWBGAME-26JAN15PRSTUNCO: ('Connection aborted.', ConnectionResetError(54, 'Connection reset by peer'))
⚠️ Kalshi fetch timeout for KXNCAAWBGAME-26JAN15MORETNST
⚠️ Kalshi fetch timeout for KXNCAAWBGAME-26JAN15TXSOJKST
⚠️ Kalshi fetch timeout for KXNBATOTAL-26JAN15BOSMIA
⚠️ Kalshi fetch timeout for KXNCAAWBGAME-26JAN15FGCUUWGA
⚠️ WebSocket connection closed, reconnecting...
✅ Connected to Kalshi WebSocket
📡 Subscribed to 797 markets via WebSocket
❌ Kalshi fetch error for KXNCAAWBGAME-26JAN15PRSTUNCO: ('Connection aborted.', ConnectionResetError(54, 'Connection reset by peer'))
⚠️ WebSocket connection closed, reconnecting...
✅ Connected to Kalshi WebSocket
📡 Subscribed to 797 markets via WebSocket
⚠️ WebSocket connection closed, reconnecting...
✅ Connected to Kalshi WebSocket
📡 Subscribed to 797 markets via WebSocket
⚠️ Kalshi fetch timeout for KXNCAAMBGAME-26JAN15UMBCBRY
⚠️ Kalshi fetch timeout for KXNCAAWBGAME-26JAN15PORTSCU
❌ Kalshi fetch error for KXNCAAWBGAME-26JAN15PRSTUNCO: ('Connection aborted.', ConnectionResetError(54, 'Connection reset by peer'))
❌ Kalshi fetch error for KXNCAAWBGAME-26JAN15SUUTARL: ('Connection aborted.', ConnectionResetError(54, 'Connection reset by peer'))
⚠️ WebSocket connection closed, reconnecting...
✅ Connected to Kalshi WebSocket
📡 Subscribed to 797 markets via WebSocket
⚠️ WebSocket connection closed, reconnecting...
✅ Connected to Kalshi WebSocket
📡 Subscribed to 797 markets via WebSocket
⚠️ WebSocket connection closed, reconnecting...
✅ Connected to Kalshi WebSocket
📡 Subscribed to 797 markets via WebSocket
⚠️ WebSocket connection closed, reconnecting...
✅ Connected to Kalshi WebSocket
📡 Subscribed to 797 markets via WebSocket
⚠️ WebSocket connection closed, reconnecting...
✅ Connected to Kalshi WebSocket
📡 Subscribed to 797 markets via WebSocket
⚠️ WebSocket connection closed, reconnecting...
✅ Connected to Kalshi WebSocket
📡 Subscribed to 797 markets via WebSocket
⚠️ Kalshi fetch timeout for KXNCAAWBGAME-26JAN15PRSTUNCO
⚠️ WebSocket connection closed, reconnecting...
✅ Connected to Kalshi WebSocket
📡 Subscribed to 797 markets via WebSocket
⚠️ Kalshi fetch timeout for KXNCAAMBGAME-26JAN15HAWCP
⚠️ WebSocket connection closed, reconnecting...
✅ Connected to Kalshi WebSocket
📡 Subscribed to 797 markets via WebSocket
⚠️ WebSocket connection closed, reconnecting...
✅ Connected to Kalshi WebSocket
📡 Subscribed to 797 markets via WebSocket
❌ Kalshi fetch error for KXNCAAMBTOTAL-26JAN15UNCOPRST: ('Connection aborted.', ConnectionResetError(54, 'Connection reset by peer'))
❌ Kalshi fetch error for KXNCAAWBGAME-26JAN15CALSYR: HTTPSConnectionPool(host='api.elections.kalshi.com', port=443): Read timed out.
❌ Kalshi fetch error for KXNCAAMBSPREAD-26JAN15ODUGASO: ('Connection aborted.', ConnectionResetError(54, 'Connection reset by peer'))
❌ Kalshi fetch error for KXNCAAMBGAME-26JAN15EIUUALR: ('Connection aborted.', ConnectionResetError(54, 'Connection reset by peer'))
❌ Kalshi fetch error for KXNCAAMBGAME-26JAN15CSFUCD: ('Connection aborted.', ConnectionResetError(54, 'Connection reset by peer'))
⚠️ WebSocket connection closed, reconnecting...
✅ Connected to Kalshi WebSocket
📡 Subscribed to 797 markets via WebSocket
⚠️ WebSocket connection closed, reconnecting...
✅ Connected to Kalshi WebSocket
📡 Subscribed to 797 markets via WebSocket
⚠️ Kalshi fetch timeout for KXNCAAWBGAME-26JAN15PRSTUNCO
❌ Kalshi fetch error for KXNBATOTAL-26JAN15MILSAS: ('Connection aborted.', ConnectionResetError(54, 'Connection reset by peer'))
❌ Kalshi fetch error for KXNBASPREAD-26JAN15PHXDET: ('Connection aborted.', ConnectionResetError(54, 'Connection reset by peer'))
❌ Kalshi fetch error for KXNCAAWBGAME-26JAN15MASSLNJIT: ('Connection aborted.', ConnectionResetError(54, 'Connection reset by peer'))
⚠️ WebSocket connection closed, reconnecting...
✅ Connected to Kalshi WebSocket
📡 Subscribed to 797 markets via WebSocket
⚠️ WebSocket connection closed, reconnecting...
✅ Connected to Kalshi WebSocket
📡 Subscribed to 797 markets via WebSocket
⚠️ WebSocket connection closed, reconnecting...
✅ Connected to Kalshi WebSocket
📡 Subscribed to 797 markets via WebSocket
⚠️ WebSocket connection closed, reconnecting...
✅ Connected to Kalshi WebSocket
📡 Subscribed to 797 markets via WebSocket
⚠️ WebSocket connection closed, reconnecting...
✅ Connected to Kalshi WebSocket
📡 Subscribed to 797 markets via WebSocket
⚠️ WebSocket connection closed, reconnecting...
✅ Connected to Kalshi WebSocket
📡 Subscribed to 797 markets via WebSocket
⚠️ WebSocket connection closed, reconnecting...
✅ Connected to Kalshi WebSocket
📡 Subscribed to 797 markets via WebSocket
⚠️ Kalshi fetch timeout for KXNCAAWBGAME-26JAN15PRSTUNCO
⚠️ Kalshi fetch timeout for KXNCAAMBGAME-26JAN15UTAUTU
❌ Kalshi fetch error for KXNCAAWBGAME-26JAN15ETAMIW: HTTPSConnectionPool(host='api.elections.kalshi.com', port=443): Read timed out.
❌ Kalshi fetch error for KXNCAAWBGAME-26JAN15UNAUNF: ('Connection aborted.', ConnectionResetError(54, 'Connection reset by peer'))
❌ Kalshi fetch error for KXNCAAMBSPREAD-26JAN15NMSULIB: ('Connection aborted.', ConnectionResetError(54, 'Connection reset by peer'))
⚠️ WebSocket connection closed, reconnecting...
✅ Connected to Kalshi WebSocket
📡 Subscribed to 797 markets via WebSocket
⚠️ WebSocket connection closed, reconnecting...
✅ Connected to Kalshi WebSocket
📡 Subscribed to 797 markets via WebSocket
⚠️ Kalshi fetch timeout for KXNCAAWBGAME-26JAN15PRSTUNCO
⚠️ Kalshi fetch timeout for KXNCAAMBTOTAL-26JAN15COFCTOWS
❌ Kalshi fetch error for KXNCAAMBGAME-26JAN15NCATWM: HTTPSConnectionPool(host='api.elections.kalshi.com', port=443): Max retries exceeded with url: /trade-api/v2/markets?event_ticker=KXNCAAMBGAME-26JAN15NCATWM (Caused by NameResolutionError("<urllib3.connection.HTTPSConnection object at 0x108333390>: Failed to resolve 'api.elections.kalshi.com' ([Errno 8] nodename nor servname provided, or not known)"))
⚠️ WebSocket connection closed, reconnecting...
✅ Connected to Kalshi WebSocket
📡 Subscribed to 797 markets via WebSocket
⚠️ WebSocket connection closed, reconnecting...
✅ Connected to Kalshi WebSocket
📡 Subscribed to 797 markets via WebSocket
⚠️ WebSocket connection closed, reconnecting...
✅ Connected to Kalshi WebSocket
📡 Subscribed to 797 markets via WebSocket
⚠️ Kalshi fetch timeout for KXNCAAWBGAME-26JAN15PRSTUNCO
⚠️ Kalshi fetch timeout for KXNCAAWBGAME-26JAN15CALSYR
⚠️ Kalshi fetch timeout for KXNCAAMBTOTAL-26JAN15NAUSAC
❌ Kalshi fetch error for KXNCAAWBGAME-26JAN15PACPEPP: HTTPSConnectionPool(host='api.elections.kalshi.com', port=443): Max retries exceeded with url: /trade-api/v2/markets?event_ticker=KXNCAAWBGAME-26JAN15PACPEPP (Caused by NewConnectionError('<urllib3.connection.HTTPSConnection object at 0x108331810>: Failed to establish a new connection: [Errno 51] Network is unreachable'))
❌ Kalshi fetch error for KXNCAAMBSPREAD-26JAN15USDSEA: HTTPSConnectionPool(host='api.elections.kalshi.com', port=443): Max retries exceeded with url: /trade-api/v2/markets?event_ticker=KXNCAAMBSPREAD-26JAN15USDSEA (Caused by NameResolutionError("<urllib3.connection.HTTPSConnection object at 0x108331bd0>: Failed to resolve 'api.elections.kalshi.com' ([Errno 8] nodename nor servname provided, or not known)"))
❌ Kalshi fetch error for KXNCAAWBGAME-26JAN15WISNW: HTTPSConnectionPool(host='api.elections.kalshi.com', port=443): Max retries exceeded with url: /trade-api/v2/markets?event_ticker=KXNCAAWBGAME-26JAN15WISNW (Caused by NameResolutionError("<urllib3.connection.HTTPSConnection object at 0x108331450>: Failed to resolve 'api.elections.kalshi.com' ([Errno 8] nodename nor servname provided, or not known)"))
❌ Kalshi fetch error for KXNCAAWBGAME-26JAN15MORETNST: HTTPSConnectionPool(host='api.elections.kalshi.com', port=443): Max retries exceeded with url: /trade-api/v2/markets?event_ticker=KXNCAAWBGAME-26JAN15MORETNST (Caused by NameResolutionError("<urllib3.connection.HTTPSConnection object at 0x108330690>: Failed to resolve 'api.elections.kalshi.com' ([Errno 8] nodename nor servname provided, or not known)"))
❌ Kalshi fetch error for KXNCAAMBSPREAD-26JAN15ODUGASO: HTTPSConnectionPool(host='api.elections.kalshi.com', port=443): Max retries exceeded with url: /trade-api/v2/markets?event_ticker=KXNCAAMBSPREAD-26JAN15ODUGASO (Caused by NameResolutionError("<urllib3.connection.HTTPSConnection object at 0x108330f50>: Failed to resolve 'api.elections.kalshi.com' ([Errno 8] nodename nor servname provided, or not known)"))
❌ Kalshi fetch error for KXNCAAWBGAME-26JAN15ILLMICH: HTTPSConnectionPool(host='api.elections.kalshi.com', port=443): Max retries exceeded with url: /trade-api/v2/markets?event_ticker=KXNCAAWBGAME-26JAN15ILLMICH (Caused by NameResolutionError("<urllib3.connection.HTTPSConnection object at 0x1083b42d0>: Failed to resolve 'api.elections.kalshi.com' ([Errno 8] nodename nor servname provided, or not known)"))
❌ Kalshi fetch error for KXNCAAMBSPREAD-26JAN15HOFSTON: HTTPSConnectionPool(host='api.elections.kalshi.com', port=443): Max retries exceeded with url: /trade-api/v2/markets?event_ticker=KXNCAAMBSPREAD-26JAN15HOFSTON (Caused by NameResolutionError("<urllib3.connection.HTTPSConnection object at 0x1083b47d0>: Failed to resolve 'api.elections.kalshi.com' ([Errno 8] nodename nor servname provided, or not known)"))
❌ Kalshi fetch error for KXNCAAWBGAME-26JAN15TXSOJKST: HTTPSConnectionPool(host='api.elections.kalshi.com', port=443): Max retries exceeded with url: /trade-api/v2/markets?event_ticker=KXNCAAWBGAME-26JAN15TXSOJKST (Caused by NameResolutionError("<urllib3.connection.HTTPSConnection object at 0x1083b4cd0>: Failed to resolve 'api.elections.kalshi.com' ([Errno 8] nodename nor servname provided, or not known)"))
❌ Kalshi fetch error for KXNCAAMBGAME-26JAN15HAWCP: HTTPSConnectionPool(host='api.elections.kalshi.com', port=443): Max retries exceeded with url: /trade-api/v2/markets?event_ticker=KXNCAAMBGAME-26JAN15HAWCP (Caused by NameResolutionError("<urllib3.connection.HTTPSConnection object at 0x1083b51d0>: Failed to resolve 'api.elections.kalshi.com' ([Errno 8] nodename nor servname provided, or not known)"))
❌ Kalshi fetch error for KXNCAAMBTOTAL-26JAN15CSNUCSD: HTTPSConnectionPool(host='api.elections.kalshi.com', port=443): Max retries exceeded with url: /trade-api/v2/markets?event_ticker=KXNCAAMBTOTAL-26JAN15CSNUCSD (Caused by NameResolutionError("<urllib3.connection.HTTPSConnection object at 0x1083b56d0>: Failed to resolve 'api.elections.kalshi.com' ([Errno 8] nodename nor servname provided, or not known)"))
⚠️ WebSocket connection closed, reconnecting...
✅ Connected to Kalshi WebSocket
📡 Subscribed to 797 markets via WebSocket
⚠️ WebSocket connection closed, reconnecting...
✅ Connected to Kalshi WebSocket
📡 Subscribed to 797 markets via WebSocket
⚠️ WebSocket connection closed, reconnecting...
❌ WebSocket error: [Errno 8] nodename nor servname provided, or not known
✅ Connected to Kalshi WebSocket
📡 Subscribed to 797 markets via WebSocket
⚠️ WebSocket connection closed, reconnecting...
❌ WebSocket error: [Errno 8] nodename nor servname provided, or not known
✅ Connected to Kalshi WebSocket
📡 Subscribed to 797 markets via WebSocket
⚠️ Kalshi fetch timeout for KXNCAAWBGAME-26JAN15PRSTUNCO
⚠️ WebSocket connection closed, reconnecting...
✅ Connected to Kalshi WebSocket
📡 Subscribed to 797 markets via WebSocket
⚠️ WebSocket connection closed, reconnecting...
✅ Connected to Kalshi WebSocket
📡 Subscribed to 797 markets via WebSocket
⚠️ WebSocket connection closed, reconnecting...
✅ Connected to Kalshi WebSocket
📡 Subscribed to 797 markets via WebSocket
⚠️ WebSocket connection closed, reconnecting...
✅ Connected to Kalshi WebSocket
📡 Subscribed to 797 markets via WebSocket
⚠️ WebSocket connection closed, reconnecting...
✅ Connected to Kalshi WebSocket
📡 Subscribed to 797 markets via WebSocket
⚠️ WebSocket connection closed, reconnecting...
✅ Connected to Kalshi WebSocket
📡 Subscribed to 797 markets via WebSocket
⚠️ Kalshi fetch timeout for KXNCAAWBGAME-26JAN15PRSTUNCO
⚠️ Kalshi fetch timeout for KXNCAAMBTOTAL-26JAN15NAUSAC
⚠️ Kalshi fetch timeout for KXNCAAMBTOTAL-26JAN15UNCOPRST
⚠️ Kalshi fetch timeout for KXNCAAMBSPREAD-26JAN15USDSEA
⚠️ WebSocket connection closed, reconnecting...
✅ Connected to Kalshi WebSocket
📡 Subscribed to 797 markets via WebSocket
⚠️ WebSocket connection closed, reconnecting...
✅ Connected to Kalshi WebSocket
📡 Subscribed to 797 markets via WebSocket
⚠️ WebSocket connection closed, reconnecting...
✅ Connected to Kalshi WebSocket
📡 Subscribed to 797 markets via WebSocket
⚠️ Kalshi fetch timeout for KXNCAAWBGAME-26JAN15PRSTUNCO
⚠️ Kalshi fetch timeout for KXNCAAMBTOTAL-26JAN15MERVMI
⚠️ Kalshi fetch timeout for KXNCAAWBGAME-26JAN15MORETNST
❌ Kalshi fetch error for KXNCAAWBGAME-26JAN15WEBEWU: ('Connection aborted.', ConnectionResetError(54, 'Connection reset by peer'))
❌ Kalshi fetch error for KXNCAAWBGAME-26JAN15COPPUMES: ('Connection aborted.', ConnectionResetError(54, 'Connection reset by peer'))
⚠️ WebSocket connection closed, reconnecting...
✅ Connected to Kalshi WebSocket
📡 Subscribed to 797 markets via WebSocket
⚠️ WebSocket connection closed, reconnecting...
✅ Connected to Kalshi WebSocket
📡 Subscribed to 797 markets via WebSocket
⚠️ WebSocket connection closed, reconnecting...
✅ Connected to Kalshi WebSocket
📡 Subscribed to 797 markets via WebSocket
❌ Kalshi fetch error for KXNCAAWBGAME-26JAN15MRSHJMU: ('Connection aborted.', ConnectionResetError(54, 'Connection reset by peer'))
❌ Kalshi fetch error for KXNBATOTAL-26JAN15MILSAS: ('Connection aborted.', ConnectionResetError(54, 'Connection reset by peer'))
❌ Kalshi fetch error for KXNBASPREAD-26JAN15PHXDET: HTTPSConnectionPool(host='api.elections.kalshi.com', port=443): Read timed out.
⚠️ WebSocket connection closed, reconnecting...
✅ Connected to Kalshi WebSocket
📡 Subscribed to 797 markets via WebSocket
⚠️ WebSocket connection closed, reconnecting...
✅ Connected to Kalshi WebSocket
📡 Subscribed to 797 markets via WebSocket
⚠️ WebSocket connection closed, reconnecting...
✅ Connected to Kalshi WebSocket
📡 Subscribed to 797 markets via WebSocket
⚠️ WebSocket connection closed, reconnecting...
✅ Connected to Kalshi WebSocket
📡 Subscribed to 797 markets via WebSocket
⚠️ WebSocket connection closed, reconnecting...
✅ Connected to Kalshi WebSocket
📡 Subscribed to 797 markets via WebSocket
⚠️ WebSocket connection closed, reconnecting...
✅ Connected to Kalshi WebSocket
📡 Subscribed to 797 markets via WebSocket
⚠️ WebSocket connection closed, reconnecting...
✅ Connected to Kalshi WebSocket
📡 Subscribed to 797 markets via WebSocket
⚠️ WebSocket connection closed, reconnecting...
✅ Connected to Kalshi WebSocket
📡 Subscribed to 797 markets via WebSocket
⚠️ WebSocket connection closed, reconnecting...
✅ Connected to Kalshi WebSocket
📡 Subscribed to 797 markets via WebSocket
⚠️ WebSocket connection closed, reconnecting...
✅ Connected to Kalshi WebSocket
📡 Subscribed to 797 markets via WebSocket
⚠️ Kalshi fetch timeout for KXNCAAWBGAME-26JAN15PRSTUNCO
❌ Kalshi fetch error for KXNCAAWBGAME-26JAN15ARKMIZZ: ('Connection aborted.', ConnectionResetError(54, 'Connection reset by peer'))
❌ Kalshi fetch error for KXNCAAWBGAME-26JAN15UVMME: HTTPSConnectionPool(host='api.elections.kalshi.com', port=443): Read timed out.
⚠️ WebSocket connection closed, reconnecting...
✅ Connected to Kalshi WebSocket
📡 Subscribed to 797 markets via WebSocket
⚠️ WebSocket connection closed, reconnecting...
✅ Connected to Kalshi WebSocket
📡 Subscribed to 797 markets via WebSocket
⚠️ WebSocket connection closed, reconnecting...
✅ Connected to Kalshi WebSocket
📡 Subscribed to 797 markets via WebSocket
⚠️ WebSocket connection closed, reconnecting...
❌ WebSocket error: server rejected WebSocket connection: HTTP 401
✅ Connected to Kalshi WebSocket
📡 Subscribed to 797 markets via WebSocket
⚠️ WebSocket connection closed, reconnecting...
✅ Connected to Kalshi WebSocket
📡 Subscribed to 797 markets via WebSocket
⚠️ WebSocket connection closed, reconnecting...
✅ Connected to Kalshi WebSocket
📡 Subscribed to 797 markets via WebSocket
⚠️ WebSocket connection closed, reconnecting...
✅ Connected to Kalshi WebSocket
📡 Subscribed to 797 markets via WebSocket
⚠️ WebSocket connection closed, reconnecting...
✅ Connected to Kalshi WebSocket
📡 Subscribed to 797 markets via WebSocket
⚠️ WebSocket connection closed, reconnecting...
✅ Connected to Kalshi WebSocket
📡 Subscribed to 797 markets via WebSocket
⚠️ WebSocket connection closed, reconnecting...
✅ Connected to Kalshi WebSocket
📡 Subscribed to 797 markets via WebSocket
⚠️ WebSocket connection closed, reconnecting...
✅ Connected to Kalshi WebSocket
📡 Subscribed to 797 markets via WebSocket
⚠️ WebSocket connection closed, reconnecting...
✅ Connected to Kalshi WebSocket
📡 Subscribed to 797 markets via WebSocket
⚠️ WebSocket connection closed, reconnecting...
✅ Connected to Kalshi WebSocket
📡 Subscribed to 797 markets via WebSocket
⚠️ Kalshi fetch timeout for KXNCAAWBGAME-26JAN15SELAUTRGV
⚠️ Kalshi fetch timeout for KXNBATOTAL-26JAN15MILSAS
⚠️ Kalshi fetch timeout for KXNCAAMBTOTAL-26JAN15CBUAC
⚠️ Kalshi fetch timeout for KXNCAAMBTOTAL-26JAN15NJITMASSL
❌ Kalshi fetch error for KXNCAAWBGAME-26JAN15FLAUK: HTTPSConnectionPool(host='api.elections.kalshi.com', port=443): Read timed out.
⚠️ Kalshi fetch timeout for KXNCAAWBGAME-26JAN15MHUCCSU
⚠️ Kalshi fetch timeout for KXNCAAMBTOTAL-26JAN15MERVMI
⚠️ Kalshi fetch timeout for KXNCAAMBSPREAD-26JAN15WICHFAU
⚠️ Kalshi fetch timeout for KXNCAAMBSPREAD-26JAN15CSNUCSD
❌ Kalshi fetch error for KXNCAAMBSPREAD-26JAN15UNCOPRST: HTTPSConnectionPool(host='api.elections.kalshi.com', port=443): Read timed out.
⚠️ Kalshi fetch timeout for KXNBAGAME-26JAN15MEMORL
⚠️ Kalshi fetch timeout for KXNCAAWBGAME-26JAN15ACCBU
⚠️ Kalshi fetch timeout for KXNCAAWBGAME-26JAN15CARKJAC
❌ Kalshi fetch error for KXNCAAMBGAME-26JAN15JACCARK: HTTPSConnectionPool(host='api.elections.kalshi.com', port=443): Read timed out.
❌ Kalshi fetch error for KXNCAAWBGAME-26JAN15PACPEPP: HTTPSConnectionPool(host='api.elections.kalshi.com', port=443): Read timed out.
⚠️ Kalshi fetch timeout for KXNCAAMBGAME-26JAN15QUCFGCU
⚠️ Kalshi fetch timeout for KXNCAAMBSPREAD-26JAN15GBCLEV
❌ Kalshi fetch error for KXNBASPREAD-26JAN15UTADAL: HTTPSConnectionPool(host='api.elections.kalshi.com', port=443): Read timed out.
⚠️ Kalshi fetch timeout for KXNCAAWBGAME-26JAN15ARKMIZZ
⚠️ Kalshi fetch timeout for KXNCAAMBTOTAL-26JAN15MEUVM
❌ Kalshi fetch error for KXNCAAMBSPREAD-26JAN15SIUEUTM: HTTPSConnectionPool(host='api.elections.kalshi.com', port=443): Read timed out.
❌ Kalshi fetch error for KXNBASPREAD-26JAN15MEMORL: HTTPSConnectionPool(host='api.elections.kalshi.com', port=443): Read timed out.
⚠️ Kalshi fetch timeout for KXNCAAMBTOTAL-26JAN15HOFSTON
⚠️ Kalshi fetch timeout for KXNCAAMBGAME-26JAN15COFCTOWS
⚠️ Kalshi fetch timeout for KXNCAAMBSPREAD-26JAN15MERVMI
⚠️ Kalshi fetch timeout for KXNCAAWBGAME-26JAN15USTNEOM
⚠️ Kalshi fetch timeout for KXNCAAWBGAME-26JAN15CHSNHC
❌ Kalshi fetch error for KXNCAAMBGAME-26JAN15EKYPEAY: HTTPSConnectionPool(host='api.elections.kalshi.com', port=443): Read timed out.
⚠️ Kalshi fetch timeout for KXNBASPREAD-26JAN15CHALAL
❌ Kalshi fetch error for KXNCAAWBGAME-26JAN15UCSDCSN: HTTPSConnectionPool(host='api.elections.kalshi.com', port=443): Read timed out.
⚠️ Kalshi fetch timeout for KXNCAAMBTOTAL-26JAN15COFCTOWS
⚠️ Kalshi fetch timeout for KXNCAAMBTOTAL-26JAN15HAWCP
⚠️ Kalshi fetch timeout for KXNCAAMBGAME-26JAN15GBCLEV
⚠️ Kalshi fetch timeout for KXNCAAMBSPREAD-26JAN15TARLSUU
❌ Kalshi fetch error for KXNCAAMBTOTAL-26JAN15UWGASTET: HTTPSConnectionPool(host='api.elections.kalshi.com', port=443): Read timed out.
⚠️ Kalshi fetch timeout for KXNCAAWBGAME-26JAN15LBSUUCRV
⚠️ Kalshi fetch timeout for KXNCAAMBTOTAL-26JAN15GBCLEV
⚠️ Kalshi fetch timeout for KXNCAAMBSPREAD-26JAN15NJITMASSL
⚠️ Kalshi fetch timeout for KXNCAAMBGAME-26JAN15RMUIUIN
⚠️ Kalshi fetch timeout for KXNBASPREAD-26JAN15MILSAS
⚠️ Kalshi fetch timeout for KXNCAAWBGAME-26JAN15MIAUNC
❌ Kalshi fetch error for KXNCAAWBGAME-26JAN15UCDCSF: HTTPSConnectionPool(host='api.elections.kalshi.com', port=443): Read timed out.
❌ Kalshi fetch error for KXNCAAMBGAME-26JAN15UTAUTU: HTTPSConnectionPool(host='api.elections.kalshi.com', port=443): Read timed out.
⚠️ Kalshi fetch timeout for KXNCAAMBTOTAL-26JAN15MORETNST
⚠️ Kalshi fetch timeout for KXNCAAMBTOTAL-26JAN15MEUVM
⚠️ Kalshi fetch timeout for KXNCAAWBGAME-26JAN15ULLARST
❌ Kalshi fetch error for KXNCAAMBGAME-26JAN15EKYPEAY: HTTPSConnectionPool(host='api.elections.kalshi.com', port=443): Read timed out.
⚠️ Kalshi fetch timeout for KXNCAAWBGAME-26JAN15LBSUUCRV
⚠️ Kalshi fetch timeout for KXNCAAWBGAME-26JAN15IDSTIDHO
⚠️ Kalshi fetch timeout for KXNCAAMBTOTAL-26JAN15ODUGASO
⚠️ Kalshi fetch timeout for KXNCAAWBGAME-26JAN15OREIOWA
❌ Kalshi fetch error for KXNCAAWBGAME-26JAN15MIAUNC: HTTPSConnectionPool(host='api.elections.kalshi.com', port=443): Read timed out.
⚠️ Kalshi fetch timeout for KXNCAAMBSPREAD-26JAN15NJITMASSL
❌ Kalshi fetch error for KXNCAAMBSPREAD-26JAN15WICHFAU: HTTPSConnectionPool(host='api.elections.kalshi.com', port=443): Read timed out.
⚠️ Kalshi fetch timeout for KXNCAAMBGAME-26JAN15UNCOPRST
⚠️ Kalshi fetch timeout for KXNCAAMBSPREAD-26JAN15NJITMASSL
⚠️ Kalshi fetch timeout for KXNCAAMBGAME-26JAN15NMSULIB
❌ Kalshi fetch error for KXNCAAMBTOTAL-26JAN15WICHFAU: HTTPSConnectionPool(host='api.elections.kalshi.com', port=443): Read timed out.
❌ Kalshi fetch error for KXNBATOTAL-26JAN15UTADAL: HTTPSConnectionPool(host='api.elections.kalshi.com', port=443): Read timed out.
❌ Kalshi fetch error for KXNCAAWBGAME-26JAN15LMCLIU: HTTPSConnectionPool(host='api.elections.kalshi.com', port=443): Read timed out.
⚠️ Kalshi fetch timeout for KXNCAAMBSPREAD-26JAN15CSNUCSD
⚠️ Kalshi fetch timeout for KXNCAAMBGAME-26JAN15USTUND
⚠️ Kalshi fetch timeout for KXNCAAMBTOTAL-26JAN15CBUAC
❌ Kalshi fetch error for KXNCAAWBGAME-26JAN15IDSTIDHO: HTTPSConnectionPool(host='api.elections.kalshi.com', port=443): Read timed out.
⚠️ Kalshi fetch timeout for KXNCAAMBTOTAL-26JAN15ARSTUSA
⚠️ Kalshi fetch timeout for KXNCAAWBGAME-26JAN15IUINRMU
⚠️ Kalshi fetch timeout for KXNCAAMBTOTAL-26JAN15CBUAC
⚠️ Kalshi fetch timeout for KXNCAAMBSPREAD-26JAN15EKYPEAY
⚠️ Kalshi fetch timeout for KXNCAAMBTOTAL-26JAN15MERVMI
⚠️ Kalshi fetch timeout for KXNCAAMBTOTAL-26JAN15USITNTC
⚠️ Kalshi fetch timeout for KXNCAAWBGAME-26JAN15SIUEUTM
⚠️ Kalshi fetch timeout for KXNCAAWBGAME-26JAN15MTULT
⚠️ Kalshi fetch timeout for KXNCAAMBTOTAL-26JAN15JACCARK
❌ Kalshi fetch error for KXNBATOTAL-26JAN15CHALAL: HTTPSConnectionPool(host='api.elections.kalshi.com', port=443): Read timed out.
⚠️ Kalshi fetch timeout for KXNCAAMBTOTAL-26JAN15UCSBCSB
❌ Kalshi fetch error for KXNCAAMBSPREAD-26JAN15GONZWSU: HTTPSConnectionPool(host='api.elections.kalshi.com', port=443): Read timed out.
❌ Kalshi fetch error for KXNCAAWBGAME-26JAN15VTSMU: HTTPSConnectionPool(host='api.elections.kalshi.com', port=443): Read timed out.
⚠️ Kalshi fetch timeout for KXNCAAMBTOTAL-26JAN15WICHFAU
⚠️ Kalshi fetch timeout for KXNCAAMBGAME-26JAN15JMUAPP
⚠️ Kalshi fetch timeout for KXNCAAMBTOTAL-26JAN15HOFSTON
⚠️ Kalshi fetch timeout for KXNCAAMBGAME-26JAN15EKYPEAY
⚠️ Kalshi fetch timeout for KXNCAAWBGAME-26JAN15FSUPITT
⚠️ Kalshi fetch timeout for KXNCAAWBGAME-26JAN15MOSUUTEP
⚠️ Kalshi fetch timeout for KXNCAAWBGAME-26JAN15NCSTWAKE
⚠️ Kalshi fetch timeout for KXNCAAMBTOTAL-26JAN15HOFSTON
⚠️ Kalshi fetch timeout for KXNCAAWBGAME-26JAN15CSBUCSB
❌ Kalshi fetch error for KXNCAAMBGAME-26JAN15UMBCBRY: HTTPSConnectionPool(host='api.elections.kalshi.com', port=443): Read timed out.
⚠️ Kalshi fetch timeout for KXNCAAMBTOTAL-26JAN15MEUVM
⚠️ Kalshi fetch timeout for KXNBAGAME-26JAN15MEMORL
❌ Kalshi fetch error for KXNCAAWBGAME-26JAN15SFPASTNH: HTTPSConnectionPool(host='api.elections.kalshi.com', port=443): Read timed out.
⚠️ Kalshi fetch timeout for KXNCAAMBGAME-26JAN15UCSBCSB
⚠️ Kalshi fetch timeout for KXNBASPREAD-26JAN15PHXDET
⚠️ Kalshi fetch timeout for KXNCAAWBGAME-26JAN15VANMSST
⚠️ Kalshi fetch timeout for KXNCAAMBTOTAL-26JAN15HAWCP
❌ Kalshi fetch error for KXNCAAWBGAME-26JAN15ACCBU: HTTPSConnectionPool(host='api.elections.kalshi.com', port=443): Read timed out.
⚠️ Kalshi fetch timeout for KXNCAAMBTOTAL-26JAN15NAUSAC
⚠️ Kalshi fetch timeout for KXNCAAWBGAME-26JAN15TXSOJKST
❌ Kalshi fetch error for KXNCAAMBGAME-26JAN15UTAUTU: HTTPSConnectionPool(host='api.elections.kalshi.com', port=443): Read timed out.
⚠️ Kalshi fetch timeout for KXNCAAMBTOTAL-26JAN15DREXMONM
⚠️ Kalshi fetch timeout for KXNBASPREAD-26JAN15MEMORL
⚠️ Kalshi fetch timeout for KXNCAAMBSPREAD-26JAN15JACCARK
⚠️ Kalshi fetch timeout for KXNCAAMBSPREAD-26JAN15UMKCSDAK
⚠️ Kalshi fetch timeout for KXNCAAWBGAME-26JAN15ULLARST
❌ Kalshi fetch error for KXNCAAMBGAME-26JAN15USITNTC: HTTPSConnectionPool(host='api.elections.kalshi.com', port=443): Read timed out.
⚠️ Kalshi fetch timeout for KXNCAAWBGAME-26JAN15CARKJAC
❌ Kalshi fetch error for KXNCAAMBGAME-26JAN15COFCTOWS: HTTPSConnectionPool(host='api.elections.kalshi.com', port=443): Read timed out.
⚠️ Kalshi fetch timeout for KXNBASPREAD-26JAN15MILSAS
⚠️ Kalshi fetch timeout for KXNBAGAME-26JAN15ATLPOR
❌ Kalshi fetch error for KXNCAAWBGAME-26JAN15COOKARPB: HTTPSConnectionPool(host='api.elections.kalshi.com', port=443): Read timed out.
⚠️ Kalshi fetch timeout for KXNCAAWBGAME-26JAN15ETAMIW
❌ Kalshi fetch error for KXNCAAMBTOTAL-26JAN15QUCFGCU: HTTPSConnectionPool(host='api.elections.kalshi.com', port=443): Read timed out.
⚠️ Kalshi fetch timeout for KXNCAAMBGAME-26JAN15UMBCBRY
❌ Kalshi fetch error for KXNCAAMBGAME-26JAN15EWUWEB: HTTPSConnectionPool(host='api.elections.kalshi.com', port=443): Read timed out.
⚠️ Kalshi fetch timeout for KXNCAAMBTOTAL-26JAN15JACCARK
❌ Kalshi fetch error for KXNCAAMBGAME-26JAN15CBUAC: HTTPSConnectionPool(host='api.elections.kalshi.com', port=443): Read timed out.
❌ Kalshi fetch error for KXNCAAWBGAME-26JAN15FIUNMSU: HTTPSConnectionPool(host='api.elections.kalshi.com', port=443): Read timed out.
⚠️ Kalshi fetch timeout for KXNBAGAME-26JAN15ATLPOR
⚠️ Kalshi fetch timeout for KXNCAAMBGAME-26JAN15HOFSTON
⚠️ Kalshi fetch timeout for KXNCAAWBGAME-26JAN15NEBMSU
⚠️ Kalshi fetch timeout for KXNBATOTAL-26JAN15OKCHOU
⚠️ Kalshi fetch timeout for KXNCAAWBGAME-26JAN15VILLCONN
⚠️ Kalshi fetch timeout for KXNCAAWBGAME-26JAN15WCUWOF
⚠️ Kalshi fetch timeout for KXNCAAWBGAME-26JAN15OREIOWA
⚠️ Kalshi fetch timeout for KXNCAAMBSPREAD-26JAN15QUCFGCU
⚠️ Kalshi fetch timeout for KXNCAAMBTOTAL-26JAN15BELLLIP
❌ Kalshi fetch error for KXNCAAMBGAME-26JAN15CSNUCSD: HTTPSConnectionPool(host='api.elections.kalshi.com', port=443): Read timed out.
❌ Kalshi fetch error for KXNCAAMBSPREAD-26JAN15BELLLIP: HTTPSConnectionPool(host='api.elections.kalshi.com', port=443): Read timed out.
⚠️ Kalshi fetch timeout for KXNCAAWBGAME-26JAN15IUINRMU
⚠️ Kalshi fetch timeout for KXNCAAMBTOTAL-26JAN15ELONNE
⚠️ Kalshi fetch timeout for KXNCAAMBTOTAL-26JAN15CBUAC
⚠️ WebSocket connection closed, reconnecting...
✅ Connected to Kalshi WebSocket
📡 Subscribed to 797 markets via WebSocket
⚠️ WebSocket connection closed, reconnecting...
✅ Connected to Kalshi WebSocket
📡 Subscribed to 797 markets via WebSocket
⚠️ Kalshi fetch timeout for KXNCAAMBTOTAL-26JAN15ARSTUSA
❌ Kalshi fetch error for KXNCAAMBGAME-26JAN15USITNTC: HTTPSConnectionPool(host='api.elections.kalshi.com', port=443): Read timed out.
⚠️ WebSocket connection closed, reconnecting...
✅ Connected to Kalshi WebSocket
📡 Subscribed to 797 markets via WebSocket
⚠️ WebSocket connection closed, reconnecting...
✅ Connected to Kalshi WebSocket
📡 Subscribed to 797 markets via WebSocket
❌ Kalshi fetch error for KXNCAAWBGAME-26JAN15PRSTUNCO: ('Connection aborted.', ConnectionResetError(54, 'Connection reset by peer'))
⚠️ Kalshi fetch timeout for KXNCAAWBGAME-26JAN15MORETNST
⚠️ Kalshi fetch timeout for KXNCAAWBGAME-26JAN15ORSTLMU
⚠️ Kalshi fetch timeout for KXNCAAWBGAME-26JAN15COPPUMES
⚠️ WebSocket connection closed, reconnecting...
✅ Connected to Kalshi WebSocket
📡 Subscribed to 797 markets via WebSocket
❌ Kalshi fetch error for KXNCAAWBGAME-26JAN15PRSTUNCO: ('Connection aborted.', ConnectionResetError(54, 'Connection reset by peer'))
⚠️ WebSocket connection closed, reconnecting...
✅ Connected to Kalshi WebSocket
📡 Subscribed to 797 markets via WebSocket
⚠️ Kalshi fetch timeout for KXNCAAMBTOTAL-26JAN15LINWSEMO
⚠️ Kalshi fetch timeout for KXNBAGAME-26JAN15CHALAL
⚠️ Kalshi fetch timeout for KXNCAAWBGAME-26JAN15OREIOWA
⚠️ Kalshi fetch timeout for KXNCAAMBSPREAD-26JAN15HOFSTON
⚠️ Kalshi fetch timeout for KXNCAAMBGAME-26JAN15NJITMASSL
⚠️ Kalshi fetch timeout for KXNCAAWBGAME-26JAN15UCDCSF
⚠️ Kalshi fetch timeout for KXNCAAMBGAME-26JAN15CSFUCD
❌ Kalshi fetch error for KXNCAAWBGAME-26JAN15SELAUTRGV: HTTPSConnectionPool(host='api.elections.kalshi.com', port=443): Read timed out.
⚠️ Kalshi fetch timeout for KXNCAAWBGAME-26JAN15PEAYBELL
⚠️ Kalshi fetch timeout for KXNCAAWBGAME-26JAN15NCSTWAKE
⚠️ Kalshi fetch timeout for KXNCAAMBSPREAD-26JAN15EIUUALR
⚠️ Kalshi fetch timeout for KXNCAAMBSPREAD-26JAN15NCATWM
⚠️ Kalshi fetch timeout for KXNBATOTAL-26JAN15PHXDET
⚠️ Kalshi fetch timeout for KXNCAAMBSPREAD-26JAN15ODUGASO
⚠️ Kalshi fetch timeout for KXNBASPREAD-26JAN15OKCHOU
⚠️ Kalshi fetch timeout for KXNCAAWBGAME-26JAN15ARKMIZZ
❌ Kalshi fetch error for KXNCAAWBGAME-26JAN15MDUSC: HTTPSConnectionPool(host='api.elections.kalshi.com', port=443): Read timed out.
⚠️ Kalshi fetch timeout for KXNCAAWBGAME-26JAN15UVMME
⚠️ Kalshi fetch timeout for KXNCAAMBTOTAL-26JAN15OAKMILW
⚠️ Kalshi fetch timeout for KXNCAAWBGAME-26JAN15VALPILST
⚠️ Kalshi fetch timeout for KXNCAAWBGAME-26JAN15STANBC
⚠️ Kalshi fetch timeout for KXNCAAWBGAME-26JAN15CSBUCSB
⚠️ Kalshi fetch timeout for KXNCAAWBGAME-26JAN15SFPASTNH
⚠️ Kalshi fetch timeout for KXNBAGAME-26JAN15OKCHOU
⚠️ Kalshi fetch timeout for KXNCAAWBGAME-26JAN15VILLCONN
⚠️ Kalshi fetch timeout for KXNBASPREAD-26JAN15MEMORL
⚠️ Kalshi fetch timeout for KXNCAAMBGAME-26JAN15IDHOIDST
⚠️ Kalshi fetch timeout for KXNBAGAME-26JAN15MILSAS
⚠️ Kalshi fetch timeout for KXNCAAWBGAME-26JAN15FLAUK
⚠️ Kalshi fetch timeout for KXNBASPREAD-26JAN15OKCHOU
⚠️ Kalshi fetch timeout for KXNCAAWBGAME-26JAN15PVALCN
⚠️ Kalshi fetch timeout for KXNCAAMBGAME-26JAN15UNFUNA
⚠️ Kalshi fetch timeout for KXNCAAWBGAME-26JAN15NEBMSU
⚠️ Kalshi fetch timeout for KXNCAAWBGAME-26JAN15TEXSCAR
⚠️ Kalshi fetch timeout for KXNCAAWBGAME-26JAN15UVADUKE
❌ Kalshi fetch error for KXNCAAMBSPREAD-26JAN15DETNKU: HTTPSConnectionPool(host='api.elections.kalshi.com', port=443): Read timed out.
⚠️ Kalshi fetch timeout for KXNCAAWBGAME-26JAN15STANBC
⚠️ Kalshi fetch timeout for KXNCAAMBGAME-26JAN15ARSTUSA
⚠️ Kalshi fetch timeout for KXNCAAMBTOTAL-26JAN15CSFUCD
⚠️ Kalshi fetch timeout for KXNCAAMBTOTAL-26JAN15MERVMI
⚠️ Kalshi fetch timeout for KXNCAAMBGAME-26JAN15HAWCP
⚠️ Kalshi fetch timeout for KXNCAAMBSPREAD-26JAN15MEUVM
⚠️ Kalshi fetch timeout for KXNCAAWBGAME-26JAN15ARKMIZZ
⚠️ Kalshi fetch timeout for KXNCAAMBSPREAD-26JAN15UCSBCSB
⚠️ Kalshi fetch timeout for KXNCAAWBGAME-26JAN15IUINRMU
❌ Kalshi fetch error for KXNCAAWBGAME-26JAN15MASSLNJIT: HTTPSConnectionPool(host='api.elections.kalshi.com', port=443): Read timed out.
⚠️ Kalshi fetch timeout for KXNCAAWBGAME-26JAN15MOSUUTEP
⚠️ Kalshi fetch timeout for KXNCAAMBSPREAD-26JAN15UWGASTET
⚠️ Kalshi fetch timeout for KXNCAAMBTOTAL-26JAN15MEUVM
❌ Kalshi fetch error for KXNBATOTAL-26JAN15UTADAL: HTTPSConnectionPool(host='api.elections.kalshi.com', port=443): Read timed out.
⚠️ Kalshi fetch timeout for KXNBAGAME-26JAN15MEMORL
⚠️ Kalshi fetch timeout for KXNCAAMBTOTAL-26JAN15HAWCP
⚠️ Kalshi fetch timeout for KXNCAAWBGAME-26JAN15ULLARST
⚠️ Kalshi fetch timeout for KXNCAAMBGAME-26JAN15USITNTC
⚠️ Kalshi fetch timeout for KXNCAAMBGAME-26JAN15NMSULIB
⚠️ Kalshi fetch timeout for KXNCAAWBGAME-26JAN15UVADUKE
⚠️ Kalshi fetch timeout for KXNCAAMBTOTAL-26JAN15CBUAC
⚠️ Kalshi fetch timeout for KXNCAAMBGAME-26JAN15JMUAPP
⚠️ Kalshi fetch timeout for KXNCAAMBTOTAL-26JAN15UTEPDEL
⚠️ Kalshi fetch timeout for KXNBASPREAD-26JAN15ATLPOR
❌ Kalshi fetch error for KXNCAAMBGAME-26JAN15LINWSEMO: HTTPSConnectionPool(host='api.elections.kalshi.com', port=443): Read timed out.
⚠️ Kalshi fetch timeout for KXNCAAMBGAME-26JAN15ODUGASO
⚠️ Kalshi fetch timeout for KXNCAAWBGAME-26JAN15MCNSAMCC
❌ Kalshi fetch error for KXNCAAMBGAME-26JAN15CBUAC: HTTPSConnectionPool(host='api.elections.kalshi.com', port=443): Read timed out.
⚠️ Kalshi fetch timeout for KXNCAAMBGAME-26JAN15ELONNE
❌ Kalshi fetch error for KXNBATOTAL-26JAN15BOSMIA: HTTPSConnectionPool(host='api.elections.kalshi.com', port=443): Read timed out.
⚠️ Kalshi fetch timeout for KXNCAAMBGAME-26JAN15NMSULIB
⚠️ Kalshi fetch timeout for KXNBATOTAL-26JAN15MEMORL
⚠️ Kalshi fetch timeout for KXNCAAMBGAME-26JAN15HOFSTON
⚠️ Kalshi fetch timeout for KXNCAAWBGAME-26JAN15BRYUMBC
⚠️ Kalshi fetch timeout for KXNCAAMBTOTAL-26JAN15UCRVLBSU
⚠️ Kalshi fetch timeout for KXNCAAMBSPREAD-26JAN15NJITMASSL
⚠️ Kalshi fetch timeout for KXNCAAMBTOTAL-26JAN15JMUAPP
❌ Kalshi fetch error for KXNCAAMBGAME-26JAN15IDHOIDST: HTTPSConnectionPool(host='api.elections.kalshi.com', port=443): Read timed out.
⚠️ Kalshi fetch timeout for KXNCAAMBTOTAL-26JAN15SIUEUTM
⚠️ Kalshi fetch timeout for KXNCAAWBGAME-26JAN15MORETNST
❌ Kalshi fetch error for KXNCAAWBGAME-26JAN15DENSDST: HTTPSConnectionPool(host='api.elections.kalshi.com', port=443): Read timed out.
❌ Kalshi fetch error for KXNBASPREAD-26JAN15OKCHOU: HTTPSConnectionPool(host='api.elections.kalshi.com', port=443): Read timed out.
⚠️ Kalshi fetch timeout for KXNCAAMBGAME-26JAN15SIUEUTM
⚠️ Kalshi fetch timeout for KXNCAAMBSPREAD-26JAN15ELONNE
⚠️ Kalshi fetch timeout for KXNCAAMBGAME-26JAN15DETNKU
❌ Kalshi fetch error for KXNCAAMBGAME-26JAN15CSNUCSD: HTTPSConnectionPool(host='api.elections.kalshi.com', port=443): Read timed out.
⚠️ Kalshi fetch timeout for KXNCAAMBGAME-26JAN15JACCARK
⚠️ Kalshi fetch timeout for KXNCAAMBTOTAL-26JAN15HOFSTON
⚠️ Kalshi fetch timeout for KXNBATOTAL-26JAN15BOSMIA
⚠️ Kalshi fetch timeout for KXNCAAMBGAME-26JAN15DETNKU
⚠️ Kalshi fetch timeout for KXNCAAMBTOTAL-26JAN15YSUWRST
⚠️ Kalshi fetch timeout for KXNBAGAME-26JAN15BOSMIA
⚠️ Kalshi fetch timeout for KXNCAAWBGAME-26JAN15PVALCN
⚠️ Kalshi fetch timeout for KXNCAAWBGAME-26JAN15UCSDCSN
⚠️ Kalshi fetch timeout for KXNBASPREAD-26JAN15PHXDET
⚠️ Kalshi fetch timeout for KXNCAAMBTOTAL-26JAN15ELONNE
❌ Kalshi fetch error for KXNCAAWBGAME-26JAN15USTNEOM: HTTPSConnectionPool(host='api.elections.kalshi.com', port=443): Read timed out.
⚠️ Kalshi fetch timeout for KXNBAGAME-26JAN15UTADAL
⚠️ Kalshi fetch timeout for KXNCAAMBSPREAD-26JAN15EKYPEAY
❌ Kalshi fetch error for KXNCAAMBGAME-26JAN15OAKMILW: HTTPSConnectionPool(host='api.elections.kalshi.com', port=443): Read timed out.
⚠️ Kalshi fetch timeout for KXNBASPREAD-26JAN15ATLPOR
⚠️ Kalshi fetch timeout for KXNCAAMBTOTAL-26JAN15JMUAPP
⚠️ Kalshi fetch timeout for KXNCAAMBGAME-26JAN15LINWSEMO
⚠️ Kalshi fetch timeout for KXNCAAWBGAME-26JAN15WKUSHSU
⚠️ Kalshi fetch timeout for KXNCAAMBTOTAL-26JAN15USTUND
⚠️ Kalshi fetch timeout for KXNCAAMBGAME-26JAN15IDHOIDST
⚠️ Kalshi fetch timeout for KXNCAAMBTOTAL-26JAN15UNFUNA
⚠️ Kalshi fetch timeout for KXNCAAWBGAME-26JAN15CHSNHC
❌ Kalshi fetch error for KXNCAAMBGAME-26JAN15CBUAC: HTTPSConnectionPool(host='api.elections.kalshi.com', port=443): Read timed out.
⚠️ Kalshi fetch timeout for KXNCAAMBSPREAD-26JAN15USITNTC
❌ Kalshi fetch error for KXNCAAMBSPREAD-26JAN15CBUAC: HTTPSConnectionPool(host='api.elections.kalshi.com', port=443): Read timed out.
❌ Kalshi fetch error for KXNBASPREAD-26JAN15CHALAL: HTTPSConnectionPool(host='api.elections.kalshi.com', port=443): Read timed out.
❌ Kalshi fetch error for KXNCAAMBTOTAL-26JAN15EKYPEAY: HTTPSConnectionPool(host='api.elections.kalshi.com', port=443): Read timed out.
❌ Kalshi fetch error for KXNCAAMBGAME-26JAN15UTAUTU: HTTPSConnectionPool(host='api.elections.kalshi.com', port=443): Read timed out.
⚠️ Kalshi fetch timeout for KXNCAAMBGAME-26JAN15CSNUCSD
⚠️ Kalshi fetch timeout for KXNCAAMBTOTAL-26JAN15UMKCSDAK
⚠️ Kalshi fetch timeout for KXNCAAMBSPREAD-26JAN15UNCOPRST
⚠️ Kalshi fetch timeout for KXNCAAMBSPREAD-26JAN15MORETNST
⚠️ Kalshi fetch timeout for KXNBASPREAD-26JAN15MEMORL
❌ Kalshi fetch error for KXNCAAMBSPREAD-26JAN15JACCARK: HTTPSConnectionPool(host='api.elections.kalshi.com', port=443): Read timed out.
❌ Kalshi fetch error for KXNCAAWBGAME-26JAN15BELINST: HTTPSConnectionPool(host='api.elections.kalshi.com', port=443): Read timed out.
⚠️ Kalshi fetch timeout for KXNCAAMBSPREAD-26JAN15DETNKU
❌ Kalshi fetch error for KXNCAAWBGAME-26JAN15LIPEKY: HTTPSConnectionPool(host='api.elections.kalshi.com', port=443): Read timed out.
⚠️ Kalshi fetch timeout for KXNCAAMBSPREAD-26JAN15UNFUNA
⚠️ Kalshi fetch timeout for KXNCAAWBGAME-26JAN15UVMME
⚠️ Kalshi fetch timeout for KXNCAAMBSPREAD-26JAN15JMUAPP
⚠️ Kalshi fetch timeout for KXNBATOTAL-26JAN15NYKGSW
⚠️ Kalshi fetch timeout for KXNCAAMBTOTAL-26JAN15JACCARK
⚠️ Kalshi fetch timeout for KXNCAAMBGAME-26JAN15QUCFGCU
❌ Kalshi fetch error for KXNCAAMBGAME-26JAN15EKYPEAY: HTTPSConnectionPool(host='api.elections.kalshi.com', port=443): Read timed out.
⚠️ Kalshi fetch timeout for KXNCAAMBTOTAL-26JAN15CSNUCSD
⚠️ Kalshi fetch timeout for KXNCAAMBSPREAD-26JAN15UCRVLBSU
⚠️ Kalshi fetch timeout for KXNCAAMBGAME-26JAN15UNCOPRST
⚠️ Kalshi fetch timeout for KXNCAAMBGAME-26JAN15CSFUCD
⚠️ Kalshi fetch timeout for KXNCAAMBSPREAD-26JAN15EIUUALR
❌ Kalshi fetch error for KXNCAAWBGAME-26JAN15ACCBU: HTTPSConnectionPool(host='api.elections.kalshi.com', port=443): Read timed out.
❌ Kalshi fetch error for KXNCAAWBGAME-26JAN15PRSTUNCO: ('Connection aborted.', ConnectionResetError(54, 'Connection reset by peer'))
⚠️ Kalshi fetch timeout for KXNCAAMBSPREAD-26JAN15UCRVLBSU
⚠️ WebSocket connection closed, reconnecting...
✅ Connected to Kalshi WebSocket
📡 Subscribed to 797 markets via WebSocket
❌ Kalshi fetch error for KXNBATOTAL-26JAN15CHALAL: HTTPSConnectionPool(host='api.elections.kalshi.com', port=443): Read timed out.
❌ Kalshi fetch error for KXNCAAMBTOTAL-26JAN15CSNUCSD: HTTPSConnectionPool(host='api.elections.kalshi.com', port=443): Read timed out.
❌ Kalshi fetch error for KXNCAAMBGAME-26JAN15EIUUALR: HTTPSConnectionPool(host='api.elections.kalshi.com', port=443): Read timed out.
❌ Kalshi fetch error for KXNBATOTAL-26JAN15MILSAS: HTTPSConnectionPool(host='api.elections.kalshi.com', port=443): Read timed out.
⚠️ Kalshi fetch timeout for KXNCAAWBGAME-26JAN15UVMME
⚠️ Kalshi fetch timeout for KXNCAAMBTOTAL-26JAN15UMKCSDAK
❌ Kalshi fetch error for KXNBATOTAL-26JAN15ATLPOR: HTTPSConnectionPool(host='api.elections.kalshi.com', port=443): Read timed out.
⚠️ Kalshi fetch timeout for KXNBATOTAL-26JAN15NYKGSW
⚠️ Kalshi fetch timeout for KXNCAAMBTOTAL-26JAN15SIUEUTM
⚠️ Kalshi fetch timeout for KXNCAAMBSPREAD-26JAN15CBUAC
⚠️ Kalshi fetch timeout for KXNCAAMBSPREAD-26JAN15CSFUCD
⚠️ Kalshi fetch timeout for KXNCAAMBSPREAD-26JAN15USDSEA
⚠️ Kalshi fetch timeout for KXNCAAMBSPREAD-26JAN15WICHFAU
⚠️ Kalshi fetch timeout for KXNCAAWBGAME-26JAN15UMKCORU
❌ Kalshi fetch error for KXNCAAWBGAME-26JAN15MASSLNJIT: HTTPSConnectionPool(host='api.elections.kalshi.com', port=443): Read timed out.
⚠️ Kalshi fetch timeout for KXNCAAMBTOTAL-26JAN15NJITMASSL
⚠️ Kalshi fetch timeout for KXNBASPREAD-26JAN15MEMORL
❌ Kalshi fetch error for KXNCAAMBSPREAD-26JAN15NJITMASSL: HTTPSConnectionPool(host='api.elections.kalshi.com', port=443): Read timed out.
⚠️ Kalshi fetch timeout for KXNCAAMBTOTAL-26JAN15EWUWEB
⚠️ Kalshi fetch timeout for KXNCAAMBTOTAL-26JAN15EKYPEAY
⚠️ Kalshi fetch timeout for KXNCAAMBTOTAL-26JAN15ARSTUSA
❌ Kalshi fetch error for KXNCAAMBGAME-26JAN15ELONNE: HTTPSConnectionPool(host='api.elections.kalshi.com', port=443): Read timed out.
❌ Kalshi fetch error for KXNCAAWBGAME-26JAN15WISNW: HTTPSConnectionPool(host='api.elections.kalshi.com', port=443): Read timed out.
❌ Kalshi fetch error for KXNCAAMBTOTAL-26JAN15CSNUCSD: HTTPSConnectionPool(host='api.elections.kalshi.com', port=443): Read timed out.
⚠️ Kalshi fetch timeout for KXNCAAMBSPREAD-26JAN15MEUVM
❌ Kalshi fetch error for KXNCAAMBSPREAD-26JAN15ARSTUSA: HTTPSConnectionPool(host='api.elections.kalshi.com', port=443): Read timed out.
⚠️ Kalshi fetch timeout for KXNCAAMBSPREAD-26JAN15TARLSUU
⚠️ Kalshi fetch timeout for KXNCAAWBGAME-26JAN15PORTSCU
❌ Kalshi fetch error for KXNCAAWBGAME-26JAN15UVMME: HTTPSConnectionPool(host='api.elections.kalshi.com', port=443): Read timed out.
⚠️ Kalshi fetch timeout for KXNCAAMBTOTAL-26JAN15MORETNST
⚠️ Kalshi fetch timeout for KXNCAAMBSPREAD-26JAN15COFCTOWS
⚠️ Kalshi fetch timeout for KXNCAAMBGAME-26JAN15UNCOPRST
⚠️ Kalshi fetch timeout for KXNBASPREAD-26JAN15OKCHOU
❌ Kalshi fetch error for KXNCAAMBGAME-26JAN15SIUEUTM: HTTPSConnectionPool(host='api.elections.kalshi.com', port=443): Read timed out.
⚠️ Kalshi fetch timeout for KXNCAAWBGAME-26JAN15MTULT
❌ Kalshi fetch error for KXNCAAMBGAME-26JAN15NMSULIB: HTTPSConnectionPool(host='api.elections.kalshi.com', port=443): Read timed out.
⚠️ Kalshi fetch timeout for KXNCAAMBSPREAD-26JAN15GONZWSU
⚠️ Kalshi fetch timeout for KXNBAGAME-26JAN15UTADAL
❌ Kalshi fetch error for KXNCAAMBGAME-26JAN15MERVMI: ('Connection aborted.', ConnectionResetError(54, 'Connection reset by peer'))
⚠️ Kalshi fetch timeout for KXNCAAMBSPREAD-26JAN15SIUEUTM
⚠️ Kalshi fetch timeout for KXNCAAMBGAME-26JAN15OAKMILW
⚠️ WebSocket connection closed, reconnecting...
✅ Connected to Kalshi WebSocket
📡 Subscribed to 797 markets via WebSocket
❌ Kalshi fetch error for KXNCAAMBSPREAD-26JAN15UCRVLBSU: ('Connection aborted.', ConnectionResetError(54, 'Connection reset by peer'))
⚠️ Kalshi fetch timeout for KXNCAAWBGAME-26JAN15FGCUUWGA
❌ Kalshi fetch error for KXNCAAMBSPREAD-26JAN15YSUWRST: HTTPSConnectionPool(host='api.elections.kalshi.com', port=443): Read timed out.
⚠️ Kalshi fetch timeout for KXNCAAWBGAME-26JAN15COPPUMES
⚠️ Kalshi fetch timeout for KXNCAAWBGAME-26JAN15UCDCSF
⚠️ Kalshi fetch timeout for KXNCAAMBGAME-26JAN15CSFUCD
⚠️ WebSocket connection closed, reconnecting...
✅ Connected to Kalshi WebSocket
📡 Subscribed to 797 markets via WebSocket
⚠️ WebSocket connection closed, reconnecting...
✅ Connected to Kalshi WebSocket
📡 Subscribed to 797 markets via WebSocket
⚠️ WebSocket connection closed, reconnecting...
✅ Connected to Kalshi WebSocket
📡 Subscribed to 797 markets via WebSocket
❌ Kalshi fetch error for KXNCAAWBGAME-26JAN15PRSTUNCO: ('Connection aborted.', ConnectionResetError(54, 'Connection reset by peer'))
⚠️ Kalshi fetch timeout for KXNCAAWBGAME-26JAN15MORETNST
⚠️ WebSocket connection closed, reconnecting...
✅ Connected to Kalshi WebSocket
📡 Subscribed to 797 markets via WebSocket
⚠️ Kalshi fetch timeout for KXNCAAMBTOTAL-26JAN15CSFUCD
⚠️ Kalshi fetch timeout for KXNCAAMBTOTAL-26JAN15MERVMI
⚠️ Kalshi fetch timeout for KXNCAAWBGAME-26JAN15TXSOJKST
⚠️ Kalshi fetch timeout for KXNCAAMBGAME-26JAN15EIUUALR
⚠️ Kalshi fetch timeout for KXNCAAMBTOTAL-26JAN15DETNKU
⚠️ Kalshi fetch timeout for KXNCAAWBGAME-26JAN15FDUWAG
❌ Kalshi fetch error for KXNCAAMBSPREAD-26JAN15EWUWEB: ('Connection aborted.', ConnectionResetError(54, 'Connection reset by peer'))
⚠️ Kalshi fetch timeout for KXNCAAMBGAME-26JAN15CSNUCSD
⚠️ Kalshi fetch timeout for KXNCAAMBGAME-26JAN15UCSBCSB
⚠️ Kalshi fetch timeout for KXNCAAMBGAME-26JAN15UNFUNA
⚠️ WebSocket connection closed, reconnecting...
✅ Connected to Kalshi WebSocket
📡 Subscribed to 797 markets via WebSocket
⚠️ Kalshi fetch timeout for KXNCAAMBTOTAL-26JAN15EIUUALR
❌ Kalshi fetch error for KXNBATOTAL-26JAN15CHALAL: HTTPSConnectionPool(host='api.elections.kalshi.com', port=443): Read timed out.
⚠️ Kalshi fetch timeout for KXNCAAMBGAME-26JAN15HAWCP
⚠️ Kalshi fetch timeout for KXNCAAWBGAME-26JAN15ORSTLMU
⚠️ Kalshi fetch timeout for KXNCAAWBGAME-26JAN15FDUWAG
⚠️ Kalshi fetch timeout for KXNBASPREAD-26JAN15OKCHOU
⚠️ Kalshi fetch timeout for KXNCAAWBGAME-26JAN15UTUUTA
⚠️ Kalshi fetch timeout for KXNCAAMBSPREAD-26JAN15CSNUCSD
⚠️ Kalshi fetch timeout for KXNCAAWBGAME-26JAN15NEBMSU
⚠️ WebSocket connection closed, reconnecting...
✅ Connected to Kalshi WebSocket
📡 Subscribed to 797 markets via WebSocket
⚠️ WebSocket connection closed, reconnecting...
✅ Connected to Kalshi WebSocket
📡 Subscribed to 797 markets via WebSocket
❌ Kalshi fetch error for KXNCAAWBGAME-26JAN15PRSTUNCO: ('Connection aborted.', ConnectionResetError(54, 'Connection reset by peer'))
❌ Kalshi fetch error for KXNCAAMBSPREAD-26JAN15WICHFAU: HTTPSConnectionPool(host='api.elections.kalshi.com', port=443): Read timed out.
⚠️ Kalshi fetch timeout for KXNCAAWBGAME-26JAN15SFPASTNH
⚠️ Kalshi fetch timeout for KXNCAAWBGAME-26JAN15SINDTNTC
⚠️ Kalshi fetch timeout for KXNCAAWBGAME-26JAN15FAMUMVSU
❌ Kalshi fetch error for KXNBATOTAL-26JAN15ATLPOR: HTTPSConnectionPool(host='api.elections.kalshi.com', port=443): Read timed out.
⚠️ Kalshi fetch timeout for KXNCAAMBSPREAD-26JAN15NAUSAC
❌ Kalshi fetch error for KXNCAAMBSPREAD-26JAN15UMKCSDAK: ('Connection aborted.', ConnectionResetError(54, 'Connection reset by peer'))
⚠️ WebSocket connection closed, reconnecting...
✅ Connected to Kalshi WebSocket
📡 Subscribed to 797 markets via WebSocket
⚠️ WebSocket connection closed, reconnecting...
✅ Connected to Kalshi WebSocket
📡 Subscribed to 797 markets via WebSocket
⚠️ WebSocket connection closed, reconnecting...
✅ Connected to Kalshi WebSocket
📡 Subscribed to 797 markets via WebSocket
⚠️ Kalshi fetch timeout for KXNCAAWBGAME-26JAN15PRSTUNCO
❌ Kalshi fetch error for KXNCAAMBSPREAD-26JAN15USDSEA: HTTPSConnectionPool(host='api.elections.kalshi.com', port=443): Read timed out.
⚠️ Kalshi fetch timeout for KXNCAAMBSPREAD-26JAN15ODUGASO
⚠️ Kalshi fetch timeout for KXNCAAMBSPREAD-26JAN15HOFSTON
⚠️ Kalshi fetch timeout for KXNCAAWBGAME-26JAN15TXSOJKST
❌ Kalshi fetch error for KXNCAAWBGAME-26JAN15FSUPITT: HTTPSConnectionPool(host='api.elections.kalshi.com', port=443): Read timed out.
❌ Kalshi fetch error for KXNCAAMBSPREAD-26JAN15EWUWEB: ('Connection aborted.', ConnectionResetError(54, 'Connection reset by peer'))
❌ Kalshi fetch error for KXNBATOTAL-26JAN15MEMORL: HTTPSConnectionPool(host='api.elections.kalshi.com', port=443): Read timed out.
⚠️ Kalshi fetch timeout for KXNCAAMBSPREAD-26JAN15BELLLIP
⚠️ WebSocket connection closed, reconnecting...
✅ Connected to Kalshi WebSocket
📡 Subscribed to 797 markets via WebSocket
❌ Kalshi fetch error for KXNCAAMBSPREAD-26JAN15MEUVM: HTTPSConnectionPool(host='api.elections.kalshi.com', port=443): Read timed out.
❌ Kalshi fetch error for KXNCAAWBGAME-26JAN15ETAMIW: ('Connection aborted.', ConnectionResetError(54, 'Connection reset by peer'))
⚠️ Kalshi fetch timeout for KXNCAAWBGAME-26JAN15IUINRMU
⚠️ WebSocket connection closed, reconnecting...
✅ Connected to Kalshi WebSocket
📡 Subscribed to 797 markets via WebSocket
⚠️ Kalshi fetch timeout for KXNCAAMBTOTAL-26JAN15CSFUCD
❌ Kalshi fetch error for KXNCAAMBGAME-26JAN15UMKCSDAK: HTTPSConnectionPool(host='api.elections.kalshi.com', port=443): Read timed out.
⚠️ Kalshi fetch timeout for KXNCAAWBGAME-26JAN15UTUUTA
⚠️ Kalshi fetch timeout for KXNCAAMBTOTAL-26JAN15OAKMILW
⚠️ Kalshi fetch timeout for KXNCAAMBSPREAD-26JAN15EIUUALR
⚠️ Kalshi fetch timeout for KXNCAAMBGAME-26JAN15ODUGASO
⚠️ Kalshi fetch timeout for KXNCAAMBTOTAL-26JAN15SIUEUTM
⚠️ Kalshi fetch timeout for KXNBASPREAD-26JAN15CHALAL
⚠️ WebSocket connection closed, reconnecting...
✅ Connected to Kalshi WebSocket
📡 Subscribed to 797 markets via WebSocket
⚠️ Kalshi fetch timeout for KXNCAAMBTOTAL-26JAN15DETNKU
⚠️ Kalshi fetch timeout for KXNCAAWBGAME-26JAN15UMKCORU
❌ Kalshi fetch error for KXNCAAMBGAME-26JAN15CSNUCSD: HTTPSConnectionPool(host='api.elections.kalshi.com', port=443): Read timed out.
⚠️ Kalshi fetch timeout for KXNCAAWBGAME-26JAN15UTUUTA
⚠️ Kalshi fetch timeout for KXNCAAWBGAME-26JAN15VILLCONN
❌ Kalshi fetch error for KXNBASPREAD-26JAN15MEMORL: HTTPSConnectionPool(host='api.elections.kalshi.com', port=443): Read timed out.
⚠️ Kalshi fetch timeout for KXNCAAWBGAME-26JAN15ALBYBING
⚠️ WebSocket connection closed, reconnecting...
✅ Connected to Kalshi WebSocket
📡 Subscribed to 797 markets via WebSocket
⚠️ WebSocket connection closed, reconnecting...
✅ Connected to Kalshi WebSocket
📡 Subscribed to 797 markets via WebSocket
❌ Kalshi fetch error for KXNCAAWBGAME-26JAN15PRSTUNCO: ('Connection aborted.', ConnectionResetError(54, 'Connection reset by peer'))
❌ Kalshi fetch error for KXNCAAMBSPREAD-26JAN15EIUUALR: ('Connection aborted.', ConnectionResetError(54, 'Connection reset by peer'))
❌ Kalshi fetch error for KXNCAAMBGAME-26JAN15NMSULIB: ('Connection aborted.', ConnectionResetError(54, 'Connection reset by peer'))
⚠️ WebSocket connection closed, reconnecting...
✅ Connected to Kalshi WebSocket
📡 Subscribed to 797 markets via WebSocket
❌ Kalshi fetch error for KXNCAAMBGAME-26JAN15MERVMI: ('Connection aborted.', ConnectionResetError(54, 'Connection reset by peer'))
❌ Kalshi fetch error for KXNCAAMBTOTAL-26JAN15NJITMASSL: HTTPSConnectionPool(host='api.elections.kalshi.com', port=443): Read timed out.
⚠️ WebSocket connection closed, reconnecting...
✅ Connected to Kalshi WebSocket
📡 Subscribed to 797 markets via WebSocket
❌ Kalshi fetch error for KXNBATOTAL-26JAN15CHALAL: ('Connection aborted.', ConnectionResetError(54, 'Connection reset by peer'))
⚠️ WebSocket connection closed, reconnecting...
✅ Connected to Kalshi WebSocket
📡 Subscribed to 797 markets via WebSocket
❌ Kalshi fetch error for KXNCAAWBGAME-26JAN15TEXSCAR: ('Connection aborted.', ConnectionResetError(54, 'Connection reset by peer'))
⚠️ WebSocket connection closed, reconnecting...
✅ Connected to Kalshi WebSocket
📡 Subscribed to 797 markets via WebSocket
❌ Kalshi fetch error for KXNBASPREAD-26JAN15PHXDET: ('Connection aborted.', ConnectionResetError(54, 'Connection reset by peer'))
❌ Kalshi fetch error for KXNCAAMBGAME-26JAN15NCATWM: ('Connection aborted.', ConnectionResetError(54, 'Connection reset by peer'))
❌ Kalshi fetch error for KXNCAAMBTOTAL-26JAN15UMKCSDAK: ('Connection aborted.', ConnectionResetError(54, 'Connection reset by peer'))
⚠️ WebSocket connection closed, reconnecting...
✅ Connected to Kalshi WebSocket
📡 Subscribed to 797 markets via WebSocket
⚠️ WebSocket connection closed, reconnecting...
✅ Connected to Kalshi WebSocket
📡 Subscribed to 797 markets via WebSocket
⚠️ Kalshi fetch timeout for KXNCAAWBGAME-26JAN15PRSTUNCO
❌ Kalshi fetch error for KXNBASPREAD-26JAN15OKCHOU: ('Connection aborted.', ConnectionResetError(54, 'Connection reset by peer'))
❌ Kalshi fetch error for KXNCAAMBSPREAD-26JAN15EWUWEB: ('Connection aborted.', ConnectionResetError(54, 'Connection reset by peer'))
❌ Kalshi fetch error for KXNCAAMBSPREAD-26JAN15MORETNST: ('Connection aborted.', RemoteDisconnected('Remote end closed connection without response'))
⚠️ WebSocket connection closed, reconnecting...
✅ Connected to Kalshi WebSocket
📡 Subscribed to 797 markets via WebSocket
⚠️ WebSocket connection closed, reconnecting...
✅ Connected to Kalshi WebSocket
📡 Subscribed to 797 markets via WebSocket
⚠️ WebSocket connection closed, reconnecting...
❌ WebSocket error: did not receive a valid HTTP response
✅ Connected to Kalshi WebSocket
📡 Subscribed to 797 markets via WebSocket
⚠️ WebSocket connection closed, reconnecting...
✅ Connected to Kalshi WebSocket
📡 Subscribed to 797 markets via WebSocket
⚠️ WebSocket connection closed, reconnecting...
✅ Connected to Kalshi WebSocket
📡 Subscribed to 797 markets via WebSocket
⚠️ WebSocket connection closed, reconnecting...
✅ Connected to Kalshi WebSocket
📡 Subscribed to 797 markets via WebSocket
⚠️ WebSocket connection closed, reconnecting...
✅ Connected to Kalshi WebSocket
📡 Subscribed to 797 markets via WebSocket
⚠️ WebSocket connection closed, reconnecting...
✅ Connected to Kalshi WebSocket
📡 Subscribed to 797 markets via WebSocket
⚠️ WebSocket connection closed, reconnecting...
✅ Connected to Kalshi WebSocket
📡 Subscribed to 797 markets via WebSocket
⚠️ WebSocket connection closed, reconnecting...
✅ Connected to Kalshi WebSocket
📡 Subscribed to 797 markets via WebSocket
⚠️ WebSocket connection closed, reconnecting...
✅ Connected to Kalshi WebSocket
📡 Subscribed to 797 markets via WebSocket
⚠️ WebSocket connection closed, reconnecting...
✅ Connected to Kalshi WebSocket
📡 Subscribed to 797 markets via WebSocket
⚠️ Kalshi fetch timeout for KXNCAAWBGAME-26JAN15PRSTUNCO
⚠️ Kalshi fetch timeout for KXNCAAWBGAME-26JAN15ALBYBING
❌ Kalshi fetch error for KXNCAAMBSPREAD-26JAN15QUCFGCU: HTTPSConnectionPool(host='api.elections.kalshi.com', port=443): Max retries exceeded with url: /trade-api/v2/markets?event_ticker=KXNCAAMBSPREAD-26JAN15QUCFGCU (Caused by NameResolutionError("<urllib3.connection.HTTPSConnection object at 0x108332350>: Failed to resolve 'api.elections.kalshi.com' ([Errno 8] nodename nor servname provided, or not known)"))
❌ Kalshi fetch error for KXNCAAMBTOTAL-26JAN15NMSULIB: HTTPSConnectionPool(host='api.elections.kalshi.com', port=443): Max retries exceeded with url: /trade-api/v2/markets?event_ticker=KXNCAAMBTOTAL-26JAN15NMSULIB (Caused by NameResolutionError("<urllib3.connection.HTTPSConnection object at 0x108332ad0>: Failed to resolve 'api.elections.kalshi.com' ([Errno 8] nodename nor servname provided, or not known)"))
❌ Kalshi fetch error for KXNCAAMBGAME-26JAN15QUCFGCU: HTTPSConnectionPool(host='api.elections.kalshi.com', port=443): Max retries exceeded with url: /trade-api/v2/markets?event_ticker=KXNCAAMBGAME-26JAN15QUCFGCU (Caused by NameResolutionError("<urllib3.connection.HTTPSConnection object at 0x108333110>: Failed to resolve 'api.elections.kalshi.com' ([Errno 8] nodename nor servname provided, or not known)"))
❌ Kalshi fetch error for KXNCAAMBTOTAL-26JAN15HOFSTON: HTTPSConnectionPool(host='api.elections.kalshi.com', port=443): Max retries exceeded with url: /trade-api/v2/markets?event_ticker=KXNCAAMBTOTAL-26JAN15HOFSTON (Caused by NameResolutionError("<urllib3.connection.HTTPSConnection object at 0x108332c10>: Failed to resolve 'api.elections.kalshi.com' ([Errno 8] nodename nor servname provided, or not known)"))
❌ Kalshi fetch error for KXNBAGAME-26JAN15NYKGSW: HTTPSConnectionPool(host='api.elections.kalshi.com', port=443): Max retries exceeded with url: /trade-api/v2/markets?event_ticker=KXNBAGAME-26JAN15NYKGSW (Caused by NameResolutionError("<urllib3.connection.HTTPSConnection object at 0x108333b10>: Failed to resolve 'api.elections.kalshi.com' ([Errno 8] nodename nor servname provided, or not known)"))
❌ Kalshi fetch error for KXNCAAMBTOTAL-26JAN15HAWCP: HTTPSConnectionPool(host='api.elections.kalshi.com', port=443): Max retries exceeded with url: /trade-api/v2/markets?event_ticker=KXNCAAMBTOTAL-26JAN15HAWCP (Caused by NameResolutionError("<urllib3.connection.HTTPSConnection object at 0x108332850>: Failed to resolve 'api.elections.kalshi.com' ([Errno 8] nodename nor servname provided, or not known)"))
❌ Kalshi fetch error for KXNCAAMBGAME-26JAN15MEUVM: HTTPSConnectionPool(host='api.elections.kalshi.com', port=443): Max retries exceeded with url: /trade-api/v2/markets?event_ticker=KXNCAAMBGAME-26JAN15MEUVM (Caused by NameResolutionError("<urllib3.connection.HTTPSConnection object at 0x1083316d0>: Failed to resolve 'api.elections.kalshi.com' ([Errno 8] nodename nor servname provided, or not known)"))
❌ Kalshi fetch error for KXNCAAMBSPREAD-26JAN15NAUSAC: HTTPSConnectionPool(host='api.elections.kalshi.com', port=443): Max retries exceeded with url: /trade-api/v2/markets?event_ticker=KXNCAAMBSPREAD-26JAN15NAUSAC (Caused by NameResolutionError("<urllib3.connection.HTTPSConnection object at 0x108330190>: Failed to resolve 'api.elections.kalshi.com' ([Errno 8] nodename nor servname provided, or not known)"))
❌ Kalshi fetch error for KXNCAAWBGAME-26JAN15ACCBU: HTTPSConnectionPool(host='api.elections.kalshi.com', port=443): Max retries exceeded with url: /trade-api/v2/markets?event_ticker=KXNCAAWBGAME-26JAN15ACCBU (Caused by NameResolutionError("<urllib3.connection.HTTPSConnection object at 0x108331810>: Failed to resolve 'api.elections.kalshi.com' ([Errno 8] nodename nor servname provided, or not known)"))
❌ Kalshi fetch error for KXNCAAWBGAME-26JAN15SFANICH: HTTPSConnectionPool(host='api.elections.kalshi.com', port=443): Max retries exceeded with url: /trade-api/v2/markets?event_ticker=KXNCAAWBGAME-26JAN15SFANICH (Caused by NameResolutionError("<urllib3.connection.HTTPSConnection object at 0x108330050>: Failed to resolve 'api.elections.kalshi.com' ([Errno 8] nodename nor servname provided, or not known)"))
❌ Kalshi fetch error for KXNCAAMBTOTAL-26JAN15UNFUNA: HTTPSConnectionPool(host='api.elections.kalshi.com', port=443): Max retries exceeded with url: /trade-api/v2/markets?event_ticker=KXNCAAMBTOTAL-26JAN15UNFUNA (Caused by NameResolutionError("<urllib3.connection.HTTPSConnection object at 0x108330690>: Failed to resolve 'api.elections.kalshi.com' ([Errno 8] nodename nor servname provided, or not known)"))
❌ Kalshi fetch error for KXNCAAWBGAME-26JAN15CHSNHC: HTTPSConnectionPool(host='api.elections.kalshi.com', port=443): Max retries exceeded with url: /trade-api/v2/markets?event_ticker=KXNCAAWBGAME-26JAN15CHSNHC (Caused by NameResolutionError("<urllib3.connection.HTTPSConnection object at 0x10892a350>: Failed to resolve 'api.elections.kalshi.com' ([Errno 8] nodename nor servname provided, or not known)"))
❌ Kalshi fetch error for KXNBAGAME-26JAN15PHXDET: HTTPSConnectionPool(host='api.elections.kalshi.com', port=443): Max retries exceeded with url: /trade-api/v2/markets?event_ticker=KXNBAGAME-26JAN15PHXDET (Caused by NameResolutionError("<urllib3.connection.HTTPSConnection object at 0x108929a90>: Failed to resolve 'api.elections.kalshi.com' ([Errno 8] nodename nor servname provided, or not known)"))
❌ Kalshi fetch error for KXNCAAMBGAME-26JAN15CBUAC: HTTPSConnectionPool(host='api.elections.kalshi.com', port=443): Max retries exceeded with url: /trade-api/v2/markets?event_ticker=KXNCAAMBGAME-26JAN15CBUAC (Caused by NameResolutionError("<urllib3.connection.HTTPSConnection object at 0x108929d10>: Failed to resolve 'api.elections.kalshi.com' ([Errno 8] nodename nor servname provided, or not known)"))
❌ Kalshi fetch error for KXNCAAMBGAME-26JAN15NAUSAC: HTTPSConnectionPool(host='api.elections.kalshi.com', port=443): Max retries exceeded with url: /trade-api/v2/markets?event_ticker=KXNCAAMBGAME-26JAN15NAUSAC (Caused by NameResolutionError("<urllib3.connection.HTTPSConnection object at 0x108928a50>: Failed to resolve 'api.elections.kalshi.com' ([Errno 8] nodename nor servname provided, or not known)"))
❌ Kalshi fetch error for KXNCAAWBGAME-26JAN15IDSTIDHO: HTTPSConnectionPool(host='api.elections.kalshi.com', port=443): Max retries exceeded with url: /trade-api/v2/markets?event_ticker=KXNCAAWBGAME-26JAN15IDSTIDHO (Caused by NameResolutionError("<urllib3.connection.HTTPSConnection object at 0x108928b90>: Failed to resolve 'api.elections.kalshi.com' ([Errno 8] nodename nor servname provided, or not known)"))
❌ Kalshi fetch error for KXNCAAMBSPREAD-26JAN15GBCLEV: HTTPSConnectionPool(host='api.elections.kalshi.com', port=443): Max retries exceeded with url: /trade-api/v2/markets?event_ticker=KXNCAAMBSPREAD-26JAN15GBCLEV (Caused by NameResolutionError("<urllib3.connection.HTTPSConnection object at 0x108928410>: Failed to resolve 'api.elections.kalshi.com' ([Errno 8] nodename nor servname provided, or not known)"))
❌ Kalshi fetch error for KXNCAAMBSPREAD-26JAN15UMKCSDAK: HTTPSConnectionPool(host='api.elections.kalshi.com', port=443): Max retries exceeded with url: /trade-api/v2/markets?event_ticker=KXNCAAMBSPREAD-26JAN15UMKCSDAK (Caused by NameResolutionError("<urllib3.connection.HTTPSConnection object at 0x108929450>: Failed to resolve 'api.elections.kalshi.com' ([Errno 8] nodename nor servname provided, or not known)"))
❌ Kalshi fetch error for KXNCAAWBGAME-26JAN15MURRSIU: HTTPSConnectionPool(host='api.elections.kalshi.com', port=443): Max retries exceeded with url: /trade-api/v2/markets?event_ticker=KXNCAAWBGAME-26JAN15MURRSIU (Caused by NameResolutionError("<urllib3.connection.HTTPSConnection object at 0x10892a850>: Failed to resolve 'api.elections.kalshi.com' ([Errno 8] nodename nor servname provided, or not known)"))
❌ Kalshi fetch error for KXNCAAMBTOTAL-26JAN15ODUGASO: HTTPSConnectionPool(host='api.elections.kalshi.com', port=443): Max retries exceeded with url: /trade-api/v2/markets?event_ticker=KXNCAAMBTOTAL-26JAN15ODUGASO (Caused by NameResolutionError("<urllib3.connection.HTTPSConnection object at 0x10892ad50>: Failed to resolve 'api.elections.kalshi.com' ([Errno 8] nodename nor servname provided, or not known)"))
❌ Kalshi fetch error for KXNCAAMBTOTAL-26JAN15SIUEUTM: HTTPSConnectionPool(host='api.elections.kalshi.com', port=443): Max retries exceeded with url: /trade-api/v2/markets?event_ticker=KXNCAAMBTOTAL-26JAN15SIUEUTM (Caused by NameResolutionError("<urllib3.connection.HTTPSConnection object at 0x10892b250>: Failed to resolve 'api.elections.kalshi.com' ([Errno 8] nodename nor servname provided, or not known)"))
❌ Kalshi fetch error for KXNCAAMBGAME-26JAN15RMUIUIN: HTTPSConnectionPool(host='api.elections.kalshi.com', port=443): Max retries exceeded with url: /trade-api/v2/markets?event_ticker=KXNCAAMBGAME-26JAN15RMUIUIN (Caused by NameResolutionError("<urllib3.connection.HTTPSConnection object at 0x10892b750>: Failed to resolve 'api.elections.kalshi.com' ([Errno 8] nodename nor servname provided, or not known)"))
❌ Kalshi fetch error for KXNBAGAME-26JAN15MILSAS: HTTPSConnectionPool(host='api.elections.kalshi.com', port=443): Max retries exceeded with url: /trade-api/v2/markets?event_ticker=KXNBAGAME-26JAN15MILSAS (Caused by NameResolutionError("<urllib3.connection.HTTPSConnection object at 0x10892bc50>: Failed to resolve 'api.elections.kalshi.com' ([Errno 8] nodename nor servname provided, or not known)"))
❌ Kalshi fetch error for KXNCAAWBGAME-26JAN15FLAUK: HTTPSConnectionPool(host='api.elections.kalshi.com', port=443): Max retries exceeded with url: /trade-api/v2/markets?event_ticker=KXNCAAWBGAME-26JAN15FLAUK (Caused by NameResolutionError("<urllib3.connection.HTTPSConnection object at 0x1089d8190>: Failed to resolve 'api.elections.kalshi.com' ([Errno 8] nodename nor servname provided, or not known)"))
❌ Kalshi fetch error for KXNCAAMBSPREAD-26JAN15NCATWM: HTTPSConnectionPool(host='api.elections.kalshi.com', port=443): Max retries exceeded with url: /trade-api/v2/markets?event_ticker=KXNCAAMBSPREAD-26JAN15NCATWM (Caused by NameResolutionError("<urllib3.connection.HTTPSConnection object at 0x1089d8690>: Failed to resolve 'api.elections.kalshi.com' ([Errno 8] nodename nor servname provided, or not known)"))
❌ Kalshi fetch error for KXNCAAWBGAME-26JAN15STANBC: HTTPSConnectionPool(host='api.elections.kalshi.com', port=443): Max retries exceeded with url: /trade-api/v2/markets?event_ticker=KXNCAAWBGAME-26JAN15STANBC (Caused by NameResolutionError("<urllib3.connection.HTTPSConnection object at 0x1089d8b90>: Failed to resolve 'api.elections.kalshi.com' ([Errno 8] nodename nor servname provided, or not known)"))
❌ Kalshi fetch error for KXNCAAMBGAME-26JAN15USDSEA: HTTPSConnectionPool(host='api.elections.kalshi.com', port=443): Max retries exceeded with url: /trade-api/v2/markets?event_ticker=KXNCAAMBGAME-26JAN15USDSEA (Caused by NameResolutionError("<urllib3.connection.HTTPSConnection object at 0x1089d9090>: Failed to resolve 'api.elections.kalshi.com' ([Errno 8] nodename nor servname provided, or not known)"))
❌ Kalshi fetch error for KXNCAAMBSPREAD-26JAN15BINGALBY: HTTPSConnectionPool(host='api.elections.kalshi.com', port=443): Max retries exceeded with url: /trade-api/v2/markets?event_ticker=KXNCAAMBSPREAD-26JAN15BINGALBY (Caused by NameResolutionError("<urllib3.connection.HTTPSConnection object at 0x1089d9590>: Failed to resolve 'api.elections.kalshi.com' ([Errno 8] nodename nor servname provided, or not known)"))
❌ Kalshi fetch error for KXNCAAMBSPREAD-26JAN15USITNTC: HTTPSConnectionPool(host='api.elections.kalshi.com', port=443): Max retries exceeded with url: /trade-api/v2/markets?event_ticker=KXNCAAMBSPREAD-26JAN15USITNTC (Caused by NameResolutionError("<urllib3.connection.HTTPSConnection object at 0x1089d9a90>: Failed to resolve 'api.elections.kalshi.com' ([Errno 8] nodename nor servname provided, or not known)"))
❌ Kalshi fetch error for KXNBASPREAD-26JAN15UTADAL: HTTPSConnectionPool(host='api.elections.kalshi.com', port=443): Max retries exceeded with url: /trade-api/v2/markets?event_ticker=KXNBASPREAD-26JAN15UTADAL (Caused by NameResolutionError("<urllib3.connection.HTTPSConnection object at 0x1089d9f90>: Failed to resolve 'api.elections.kalshi.com' ([Errno 8] nodename nor servname provided, or not known)"))
❌ Kalshi fetch error for KXNCAAMBSPREAD-26JAN15OAKMILW: HTTPSConnectionPool(host='api.elections.kalshi.com', port=443): Max retries exceeded with url: /trade-api/v2/markets?event_ticker=KXNCAAMBSPREAD-26JAN15OAKMILW (Caused by NameResolutionError("<urllib3.connection.HTTPSConnection object at 0x1089da490>: Failed to resolve 'api.elections.kalshi.com' ([Errno 8] nodename nor servname provided, or not known)"))
❌ Kalshi fetch error for KXNCAAMBGAME-26JAN15EKYPEAY: HTTPSConnectionPool(host='api.elections.kalshi.com', port=443): Max retries exceeded with url: /trade-api/v2/markets?event_ticker=KXNCAAMBGAME-26JAN15EKYPEAY (Caused by NameResolutionError("<urllib3.connection.HTTPSConnection object at 0x10892bd90>: Failed to resolve 'api.elections.kalshi.com' ([Errno 8] nodename nor servname provided, or not known)"))
❌ Kalshi fetch error for KXNCAAMBTOTAL-26JAN15IDHOIDST: HTTPSConnectionPool(host='api.elections.kalshi.com', port=443): Max retries exceeded with url: /trade-api/v2/markets?event_ticker=KXNCAAMBTOTAL-26JAN15IDHOIDST (Caused by NameResolutionError("<urllib3.connection.HTTPSConnection object at 0x10892b890>: Failed to resolve 'api.elections.kalshi.com' ([Errno 8] nodename nor servname provided, or not known)"))
❌ Kalshi fetch error for KXNCAAMBSPREAD-26JAN15CBUAC: HTTPSConnectionPool(host='api.elections.kalshi.com', port=443): Max retries exceeded with url: /trade-api/v2/markets?event_ticker=KXNCAAMBSPREAD-26JAN15CBUAC (Caused by NameResolutionError("<urllib3.connection.HTTPSConnection object at 0x10892b390>: Failed to resolve 'api.elections.kalshi.com' ([Errno 8] nodename nor servname provided, or not known)"))
❌ Kalshi fetch error for KXNCAAWBGAME-26JAN15OREIOWA: HTTPSConnectionPool(host='api.elections.kalshi.com', port=443): Max retries exceeded with url: /trade-api/v2/markets?event_ticker=KXNCAAWBGAME-26JAN15OREIOWA (Caused by NameResolutionError("<urllib3.connection.HTTPSConnection object at 0x10892ae90>: Failed to resolve 'api.elections.kalshi.com' ([Errno 8] nodename nor servname provided, or not known)"))
❌ Kalshi fetch error for KXNCAAMBSPREAD-26JAN15UMBCBRY: HTTPSConnectionPool(host='api.elections.kalshi.com', port=443): Max retries exceeded with url: /trade-api/v2/markets?event_ticker=KXNCAAMBSPREAD-26JAN15UMBCBRY (Caused by NameResolutionError("<urllib3.connection.HTTPSConnection object at 0x108929e50>: Failed to resolve 'api.elections.kalshi.com' ([Errno 8] nodename nor servname provided, or not known)"))
❌ Kalshi fetch error for KXNCAAWBGAME-26JAN15ULLARST: HTTPSConnectionPool(host='api.elections.kalshi.com', port=443): Max retries exceeded with url: /trade-api/v2/markets?event_ticker=KXNCAAWBGAME-26JAN15ULLARST (Caused by NameResolutionError("<urllib3.connection.HTTPSConnection object at 0x108928f50>: Failed to resolve 'api.elections.kalshi.com' ([Errno 8] nodename nor servname provided, or not known)"))
❌ Kalshi fetch error for KXNCAAMBGAME-26JAN15TARLSUU: HTTPSConnectionPool(host='api.elections.kalshi.com', port=443): Max retries exceeded with url: /trade-api/v2/markets?event_ticker=KXNCAAMBGAME-26JAN15TARLSUU (Caused by NameResolutionError("<urllib3.connection.HTTPSConnection object at 0x108928550>: Failed to resolve 'api.elections.kalshi.com' ([Errno 8] nodename nor servname provided, or not known)"))
❌ Kalshi fetch error for KXNCAAMBSPREAD-26JAN15COFCTOWS: HTTPSConnectionPool(host='api.elections.kalshi.com', port=443): Max retries exceeded with url: /trade-api/v2/markets?event_ticker=KXNCAAMBSPREAD-26JAN15COFCTOWS (Caused by NameResolutionError("<urllib3.connection.HTTPSConnection object at 0x108928190>: Failed to resolve 'api.elections.kalshi.com' ([Errno 8] nodename nor servname provided, or not known)"))